Total EMA combinations: 16320
Python workers per asset-grid: 15
Assets selected (raw): 1529
Assets after min-row prefilter (>= 400): 317 | dropped: 1212
Dropped preview: 0005hkhkd(63), 0175hkhkd(124), 0386hkhkd(142), 0939hkhkd(82), 0941hkhkd(140), 0998hkhkd(163), 1093hkhkd(42), 1288hkhkd(164), 1299hkhkd(288), 1398hkhkd(127)
Grid progress: 10/17 (58.8%) | elapsed=00:01 | eta=00:00
Grid progress: 17/17 (100.0%) | elapsed=00:01 | eta=00:00
Grid progress: 1/1 (100.0%) | elapsed=00:00 | eta=00:00
Asset progress: 1/317 (0.3%) | 0388hkhkd OK | best EMA=(10,107,103) | elapsed=00:01 | eta=06:35
Grid progress: 10/17 (58.8%) | elapsed=00:00 | eta=00:00
Grid progress: 17/17 (100.0%) | elapsed=00:00 | eta=00:00
Grid progress: 1/1 (100.0%) | elapsed=00:00 | eta=00:00
Asset progress: 2/317 (0.6%) | 0700hkhkd OK | best EMA=(7,167,166) | elapsed=00:01 | eta=03:54
Grid progress: 10/17 (58.8%) | elapsed=00:00 | eta=00:00
Grid progress: 17/17 (100.0%) | elapsed=00:00 | eta=00:00
Grid progress: 1/1 (100.0%) | elapsed=00:00 | eta=00:00
Asset progress: 3/317 (0.9%) | 0857hkhkd OK | best EMA=(10,80,112) | elapsed=00:01 | eta=03:01
Grid progress: 10/17 (58.8%) | elapsed=00:00 | eta=00:00
Grid progress: 17/17 (100.0%) | elapsed=00:00 | eta=00:00
Grid progress: 1/1 (100.0%) | elapsed=00:00 | eta=00:00
Asset progress: 4/317 (1.3%) | 0883hkhkd OK | best EMA=(22,173,100) | elapsed=00:02 | eta=02:37
Grid progress: 10/17 (58.8%) | elapsed=00:00 | eta=00:00
Grid progress: 17/17 (100.0%) | elapsed=00:00 | eta=00:00
Grid progress: 1/1 (100.0%) | elapsed=00:00 | eta=00:00
Asset progress: 5/317 (1.6%) | 1177hkhkd OK | best EMA=(4,167,106) | elapsed=00:02 | eta=02:21
Grid progress: 10/17 (58.8%) | elapsed=00:00 | eta=00:00
Grid progress: 17/17 (100.0%) | elapsed=00:00 | eta=00:00
Grid progress: 1/1 (100.0%) | elapsed=00:00 | eta=00:00
Asset progress: 6/317 (1.9%) | aalususd OK | best EMA=(4,188,130) | elapsed=00:02 | eta=02:14
Grid progress: 10/17 (58.8%) | elapsed=00:00 | eta=00:00
Grid progress: 17/17 (100.0%) | elapsed=00:00 | eta=00:00
Grid progress: 1/1 (100.0%) | elapsed=00:00 | eta=00:00
Asset progress: 7/317 (2.2%) | aaususd OK | best EMA=(4,80,148) | elapsed=00:02 | eta=02:07
Grid progress: 10/17 (58.8%) | elapsed=00:00 | eta=00:00
Grid progress: 17/17 (100.0%) | elapsed=00:00 | eta=00:00
Grid progress: 1/1 (100.0%) | elapsed=00:00 | eta=00:00
Asset progress: 8/317 (2.5%) | abcususd OK | best EMA=(16,188,196) | elapsed=00:03 | eta=02:03
Grid progress: 10/17 (58.8%) | elapsed=00:00 | eta=00:00
Grid progress: 17/17 (100.0%) | elapsed=00:00 | eta=00:00
Grid progress: 1/1 (100.0%) | elapsed=00:00 | eta=00:00
Asset progress: 9/317 (2.8%) | abevususd OK | best EMA=(19,83,172) | elapsed=00:03 | eta=02:02
Grid progress: 10/17 (58.8%) | elapsed=00:00 | eta=00:00
Grid progress: 17/17 (100.0%) | elapsed=00:00 | eta=00:00
Grid progress: 1/1 (100.0%) | elapsed=00:00 | eta=00:00
Asset progress: 10/317 (3.2%) | abibeeur OK | best EMA=(31,143,139) | elapsed=00:03 | eta=02:00
Grid progress: 10/17 (58.8%) | elapsed=00:00 | eta=00:00
Grid progress: 17/17 (100.0%) | elapsed=00:00 | eta=00:00
Grid progress: 1/1 (100.0%) | elapsed=00:00 | eta=00:00
Asset progress: 11/317 (3.5%) | abtususd OK | best EMA=(13,155,154) | elapsed=00:04 | eta=01:57
Grid progress: 10/17 (58.8%) | elapsed=00:00 | eta=00:00
Grid progress: 17/17 (100.0%) | elapsed=00:00 | eta=00:00
Grid progress: 1/1 (100.0%) | elapsed=00:00 | eta=00:00
Asset progress: 12/317 (3.8%) | acafreur OK | best EMA=(10,158,100) | elapsed=00:04 | eta=01:55
Grid progress: 10/17 (58.8%) | elapsed=00:00 | eta=00:00
Grid progress: 17/17 (100.0%) | elapsed=00:00 | eta=00:00
Grid progress: 1/1 (100.0%) | elapsed=00:00 | eta=00:00
Asset progress: 13/317 (4.1%) | acfreur OK | best EMA=(4,104,130) | elapsed=00:04 | eta=01:52
Grid progress: 10/17 (58.8%) | elapsed=00:00 | eta=00:00
Grid progress: 17/17 (100.0%) | elapsed=00:00 | eta=00:00
Grid progress: 1/1 (100.0%) | elapsed=00:00 | eta=00:00
Asset progress: 14/317 (4.4%) | acglususd SKIP (No valid grid search results produced.) | elapsed=00:05 | eta=01:49
Grid progress: 10/17 (58.8%) | elapsed=00:00 | eta=00:00
Grid progress: 17/17 (100.0%) | elapsed=00:00 | eta=00:00
Grid progress: 1/1 (100.0%) | elapsed=00:00 | eta=00:00
Asset progress: 15/317 (4.7%) | acmususd SKIP (No valid grid search results produced.) | elapsed=00:05 | eta=01:46
Grid progress: 10/17 (58.8%) | elapsed=00:00 | eta=00:00
Grid progress: 17/17 (100.0%) | elapsed=00:00 | eta=00:00
Grid progress: 1/1 (100.0%) | elapsed=00:00 | eta=00:00
Asset progress: 16/317 (5.0%) | acnususd OK | best EMA=(16,80,115) | elapsed=00:05 | eta=01:43
Grid progress: 10/17 (58.8%) | elapsed=00:00 | eta=00:00
Grid progress: 17/17 (100.0%) | elapsed=00:00 | eta=00:00
Grid progress: 1/1 (100.0%) | elapsed=00:00 | eta=00:00
Asset progress: 17/317 (5.4%) | acxeseur OK | best EMA=(31,158,100) | elapsed=00:05 | eta=01:41
Grid progress: 10/17 (58.8%) | elapsed=00:00 | eta=00:00
Grid progress: 17/17 (100.0%) | elapsed=00:00 | eta=00:00
Grid progress: 1/1 (100.0%) | elapsed=00:00 | eta=00:00
Asset progress: 18/317 (5.7%) | adbeususd OK | best EMA=(4,116,121) | elapsed=00:06 | eta=01:40
Grid progress: 10/17 (58.8%) | elapsed=00:00 | eta=00:00
Grid progress: 17/17 (100.0%) | elapsed=00:00 | eta=00:00
Grid progress: 1/1 (100.0%) | elapsed=00:00 | eta=00:00
Asset progress: 19/317 (6.0%) | adiususd OK | best EMA=(31,101,100) | elapsed=00:06 | eta=01:38
Grid progress: 10/17 (58.8%) | elapsed=00:00 | eta=00:00
Grid progress: 17/17 (100.0%) | elapsed=00:00 | eta=00:00
Grid progress: 1/1 (100.0%) | elapsed=00:00 | eta=00:00
Asset progress: 20/317 (6.3%) | adpususd OK | best EMA=(4,197,190) | elapsed=00:06 | eta=01:37
Grid progress: 10/17 (58.8%) | elapsed=00:00 | eta=00:00
Grid progress: 17/17 (100.0%) | elapsed=00:00 | eta=00:00
Grid progress: 1/1 (100.0%) | elapsed=00:00 | eta=00:00
Asset progress: 21/317 (6.6%) | adskususd OK | best EMA=(31,113,100) | elapsed=00:06 | eta=01:37
Grid progress: 10/17 (58.8%) | elapsed=00:00 | eta=00:00
Grid progress: 17/17 (100.0%) | elapsed=00:00 | eta=00:00
Grid progress: 1/1 (100.0%) | elapsed=00:00 | eta=00:00
Asset progress: 22/317 (6.9%) | aepususd OK | best EMA=(7,185,100) | elapsed=00:07 | eta=01:38
Grid progress: 10/17 (58.8%) | elapsed=00:00 | eta=00:00
Grid progress: 17/17 (100.0%) | elapsed=00:00 | eta=00:00
Grid progress: 1/1 (100.0%) | elapsed=00:00 | eta=00:00
Asset progress: 23/317 (7.3%) | afgususd SKIP (No valid grid search results produced.) | elapsed=00:07 | eta=01:36
Grid progress: 10/17 (58.8%) | elapsed=00:00 | eta=00:00
Grid progress: 17/17 (100.0%) | elapsed=00:00 | eta=00:00
Grid progress: 1/1 (100.0%) | elapsed=00:00 | eta=00:00
Asset progress: 24/317 (7.6%) | agncususd OK | best EMA=(4,170,100) | elapsed=00:07 | eta=01:35
Grid progress: 10/17 (58.8%) | elapsed=00:00 | eta=00:00
Grid progress: 17/17 (100.0%) | elapsed=00:00 | eta=00:00
Grid progress: 1/1 (100.0%) | elapsed=00:00 | eta=00:00
Asset progress: 25/317 (7.9%) | agnnleur OK | best EMA=(4,176,175) | elapsed=00:08 | eta=01:34
Grid progress: 10/17 (58.8%) | elapsed=00:00 | eta=00:00
Grid progress: 17/17 (100.0%) | elapsed=00:00 | eta=00:00
Grid progress: 1/1 (100.0%) | elapsed=00:00 | eta=00:00
Asset progress: 26/317 (8.2%) | agsbeeur OK | best EMA=(13,128,100) | elapsed=00:08 | eta=01:33
Grid progress: 10/17 (58.8%) | elapsed=00:00 | eta=00:00
Grid progress: 17/17 (100.0%) | elapsed=00:00 | eta=00:00
Asset progress: 27/317 (8.5%) | ahnleur SKIP (No valid grid search results produced.) | elapsed=00:08 | eta=01:31
Grid progress: 10/17 (58.8%) | elapsed=00:00 | eta=00:00
Grid progress: 17/17 (100.0%) | elapsed=00:00 | eta=00:00
Grid progress: 1/1 (100.0%) | elapsed=00:00 | eta=00:00
Asset progress: 28/317 (8.8%) | aigususd OK | best EMA=(4,188,100) | elapsed=00:08 | eta=01:31
Grid progress: 10/17 (58.8%) | elapsed=00:00 | eta=00:00
Grid progress: 17/17 (100.0%) | elapsed=00:00 | eta=00:00
Grid progress: 1/1 (100.0%) | elapsed=00:00 | eta=00:00
Asset progress: 29/317 (9.1%) | albususd OK | best EMA=(7,116,169) | elapsed=00:09 | eta=01:32
Grid progress: 10/17 (58.8%) | elapsed=00:00 | eta=00:00
Grid progress: 17/17 (100.0%) | elapsed=00:00 | eta=00:00
Grid progress: 1/1 (100.0%) | elapsed=00:00 | eta=00:00
Asset progress: 30/317 (9.5%) | algnususd OK | best EMA=(7,185,112) | elapsed=00:09 | eta=01:32
Grid progress: 10/17 (58.8%) | elapsed=00:00 | eta=00:00
Grid progress: 17/17 (100.0%) | elapsed=00:00 | eta=00:00
Grid progress: 1/1 (100.0%) | elapsed=00:00 | eta=00:00
Asset progress: 31/317 (9.8%) | alksususd OK | best EMA=(7,188,184) | elapsed=00:09 | eta=01:31
Grid progress: 10/17 (58.8%) | elapsed=00:00 | eta=00:00
Grid progress: 17/17 (100.0%) | elapsed=00:00 | eta=00:00
Grid progress: 1/1 (100.0%) | elapsed=00:00 | eta=00:00
Asset progress: 32/317 (10.1%) | alkususd OK | best EMA=(16,146,106) | elapsed=00:10 | eta=01:31
Grid progress: 10/17 (58.8%) | elapsed=00:00 | eta=00:00
Grid progress: 17/17 (100.0%) | elapsed=00:00 | eta=00:00
Grid progress: 1/1 (100.0%) | elapsed=00:00 | eta=00:00
Asset progress: 33/317 (10.4%) | alleususd OK | best EMA=(13,140,100) | elapsed=00:10 | eta=01:30
Grid progress: 10/17 (58.8%) | elapsed=00:00 | eta=00:00
Grid progress: 17/17 (100.0%) | elapsed=00:00 | eta=00:00
Grid progress: 1/1 (100.0%) | elapsed=00:00 | eta=00:00
Asset progress: 34/317 (10.7%) | allususd OK | best EMA=(13,89,175) | elapsed=00:10 | eta=01:30
Grid progress: 10/17 (58.8%) | elapsed=00:00 | eta=00:00
Grid progress: 17/17 (100.0%) | elapsed=00:00 | eta=00:00
Grid progress: 1/1 (100.0%) | elapsed=00:00 | eta=00:00
Asset progress: 35/317 (11.0%) | allyususd OK | best EMA=(19,185,172) | elapsed=00:11 | eta=01:29
Grid progress: 10/17 (58.8%) | elapsed=00:00 | eta=00:00
Grid progress: 17/17 (100.0%) | elapsed=00:00 | eta=00:00
Grid progress: 1/1 (100.0%) | elapsed=00:00 | eta=00:00
Asset progress: 36/317 (11.4%) | alxnususd OK | best EMA=(28,110,109) | elapsed=00:11 | eta=01:29
Grid progress: 10/17 (58.8%) | elapsed=00:00 | eta=00:00
Grid progress: 17/17 (100.0%) | elapsed=00:00 | eta=00:00
Grid progress: 1/1 (100.0%) | elapsed=00:00 | eta=00:00
Asset progress: 37/317 (11.7%) | amatususd OK | best EMA=(4,80,103) | elapsed=00:11 | eta=01:28
Grid progress: 10/17 (58.8%) | elapsed=00:00 | eta=00:00
Grid progress: 17/17 (100.0%) | elapsed=00:00 | eta=00:00
Grid progress: 1/1 (100.0%) | elapsed=00:00 | eta=00:00
Asset progress: 38/317 (12.0%) | amdususd OK | best EMA=(4,83,100) | elapsed=00:11 | eta=01:27
Grid progress: 10/17 (58.8%) | elapsed=00:00 | eta=00:00
Grid progress: 17/17 (100.0%) | elapsed=00:00 | eta=00:00
Grid progress: 1/1 (100.0%) | elapsed=00:00 | eta=00:00
Asset progress: 39/317 (12.3%) | amgnususd OK | best EMA=(7,101,100) | elapsed=00:12 | eta=01:26
Grid progress: 10/17 (58.8%) | elapsed=00:00 | eta=00:00
Grid progress: 17/17 (100.0%) | elapsed=00:00 | eta=00:00
Grid progress: 1/1 (100.0%) | elapsed=00:00 | eta=00:00
Asset progress: 40/317 (12.6%) | amhususd OK | best EMA=(37,188,184) | elapsed=00:12 | eta=01:25
Grid progress: 10/17 (58.8%) | elapsed=00:00 | eta=00:00
Grid progress: 17/17 (100.0%) | elapsed=00:00 | eta=00:00
Grid progress: 1/1 (100.0%) | elapsed=00:00 | eta=00:00
Asset progress: 41/317 (12.9%) | ampususd OK | best EMA=(4,191,160) | elapsed=00:12 | eta=01:25
Grid progress: 10/17 (58.8%) | elapsed=00:00 | eta=00:00
Grid progress: 17/17 (100.0%) | elapsed=00:00 | eta=00:00
Grid progress: 1/1 (100.0%) | elapsed=00:00 | eta=00:00
Asset progress: 42/317 (13.2%) | amtususd OK | best EMA=(4,80,100) | elapsed=00:12 | eta=01:24
Grid progress: 10/17 (58.8%) | elapsed=00:00 | eta=00:00
Grid progress: 17/17 (100.0%) | elapsed=00:00 | eta=00:00
Grid progress: 1/1 (100.0%) | elapsed=00:00 | eta=00:00
Asset progress: 43/317 (13.6%) | amwlususd OK | best EMA=(10,185,106) | elapsed=00:13 | eta=01:23
Grid progress: 10/17 (58.8%) | elapsed=00:00 | eta=00:00
Grid progress: 17/17 (100.0%) | elapsed=00:00 | eta=00:00
Grid progress: 1/1 (100.0%) | elapsed=00:00 | eta=00:00
Asset progress: 44/317 (13.9%) | amznususd OK | best EMA=(28,107,154) | elapsed=00:13 | eta=01:22
Grid progress: 10/17 (58.8%) | elapsed=00:00 | eta=00:00
Grid progress: 17/17 (100.0%) | elapsed=00:00 | eta=00:00
Grid progress: 1/1 (100.0%) | elapsed=00:00 | eta=00:00
Asset progress: 45/317 (14.2%) | aosususd OK | best EMA=(7,164,106) | elapsed=00:13 | eta=01:22
Grid progress: 10/17 (58.8%) | elapsed=00:00 | eta=00:00
Grid progress: 17/17 (100.0%) | elapsed=00:00 | eta=00:00
Grid progress: 1/1 (100.0%) | elapsed=00:00 | eta=00:00
Asset progress: 46/317 (14.5%) | apaususd SKIP (No valid grid search results produced.) | elapsed=00:13 | eta=01:21
Grid progress: 10/17 (58.8%) | elapsed=00:00 | eta=00:00
Grid progress: 17/17 (100.0%) | elapsed=00:00 | eta=00:00
Grid progress: 1/1 (100.0%) | elapsed=00:00 | eta=00:00
Asset progress: 47/317 (14.8%) | apdususd OK | best EMA=(10,92,121) | elapsed=00:14 | eta=01:21
Grid progress: 10/17 (58.8%) | elapsed=00:00 | eta=00:00
Grid progress: 17/17 (100.0%) | elapsed=00:00 | eta=00:00
Grid progress: 1/1 (100.0%) | elapsed=00:00 | eta=00:00
Asset progress: 48/317 (15.1%) | armkususd OK | best EMA=(7,191,106) | elapsed=00:14 | eta=01:21
Grid progress: 10/17 (58.8%) | elapsed=00:00 | eta=00:00
Grid progress: 17/17 (100.0%) | elapsed=00:00 | eta=00:00
Grid progress: 1/1 (100.0%) | elapsed=00:00 | eta=00:00
Asset progress: 49/317 (15.5%) | arususd OK | best EMA=(34,137,115) | elapsed=00:14 | eta=01:20
Grid progress: 10/17 (58.8%) | elapsed=00:00 | eta=00:00
Grid progress: 17/17 (100.0%) | elapsed=00:00 | eta=00:00
Grid progress: 1/1 (100.0%) | elapsed=00:00 | eta=00:00
Asset progress: 50/317 (15.8%) | asmlnleur OK | best EMA=(4,188,115) | elapsed=00:15 | eta=01:20
Grid progress: 10/17 (58.8%) | elapsed=00:00 | eta=00:00
Grid progress: 17/17 (100.0%) | elapsed=00:00 | eta=00:00
Grid progress: 1/1 (100.0%) | elapsed=00:00 | eta=00:00
Asset progress: 51/317 (16.1%) | aususd SKIP (No valid grid search results produced.) | elapsed=00:15 | eta=01:21
Grid progress: 10/17 (58.8%) | elapsed=00:00 | eta=00:00
Grid progress: 17/17 (100.0%) | elapsed=00:00 | eta=00:00
Grid progress: 1/1 (100.0%) | elapsed=00:00 | eta=00:00
Asset progress: 52/317 (16.4%) | avbususd OK | best EMA=(4,86,121) | elapsed=00:16 | eta=01:22
Grid progress: 10/17 (58.8%) | elapsed=00:00 | eta=00:00
Grid progress: 17/17 (100.0%) | elapsed=00:00 | eta=00:00
Grid progress: 1/1 (100.0%) | elapsed=00:00 | eta=00:00
Asset progress: 53/317 (16.7%) | avgbgbx OK | best EMA=(37,107,103) | elapsed=00:16 | eta=01:22
Grid progress: 10/17 (58.8%) | elapsed=00:00 | eta=00:00
Grid progress: 17/17 (100.0%) | elapsed=00:00 | eta=00:00
Grid progress: 1/1 (100.0%) | elapsed=00:00 | eta=00:00
Asset progress: 54/317 (17.0%) | avtrususd OK | best EMA=(7,98,100) | elapsed=00:16 | eta=01:21
Grid progress: 10/17 (58.8%) | elapsed=00:00 | eta=00:00
Grid progress: 17/17 (100.0%) | elapsed=00:00 | eta=00:00
Grid progress: 1/1 (100.0%) | elapsed=00:00 | eta=00:00
Asset progress: 55/317 (17.4%) | axpususd OK | best EMA=(37,128,121) | elapsed=00:17 | eta=01:22
Grid progress: 10/17 (58.8%) | elapsed=00:00 | eta=00:00
Grid progress: 17/17 (100.0%) | elapsed=00:00 | eta=00:00
Grid progress: 1/1 (100.0%) | elapsed=00:00 | eta=00:00
Asset progress: 56/317 (17.7%) | axtaususd OK | best EMA=(16,98,100) | elapsed=00:17 | eta=01:21
Grid progress: 10/17 (58.8%) | elapsed=00:00 | eta=00:00
Grid progress: 17/17 (100.0%) | elapsed=00:00 | eta=00:00
Grid progress: 1/1 (100.0%) | elapsed=00:00 | eta=00:00
Asset progress: 57/317 (18.0%) | azngbgbx OK | best EMA=(10,194,100) | elapsed=00:17 | eta=01:21
Grid progress: 10/17 (58.8%) | elapsed=00:00 | eta=00:00
Grid progress: 17/17 (100.0%) | elapsed=00:00 | eta=00:00
Grid progress: 1/1 (100.0%) | elapsed=00:00 | eta=00:00
Asset progress: 58/317 (18.3%) | aznususd SKIP (No valid grid search results produced.) | elapsed=00:18 | eta=01:20
Grid progress: 10/17 (58.8%) | elapsed=00:00 | eta=00:00
Grid progress: 17/17 (100.0%) | elapsed=00:00 | eta=00:00
Grid progress: 1/1 (100.0%) | elapsed=00:00 | eta=00:00
Asset progress: 59/317 (18.6%) | babaususd SKIP (No valid grid search results produced.) | elapsed=00:18 | eta=01:20
Grid progress: 10/17 (58.8%) | elapsed=00:00 | eta=00:00
Grid progress: 17/17 (100.0%) | elapsed=00:00 | eta=00:00
Grid progress: 1/1 (100.0%) | elapsed=00:00 | eta=00:00
Asset progress: 60/317 (18.9%) | bacususd OK | best EMA=(37,176,172) | elapsed=00:18 | eta=01:20
Grid progress: 10/17 (58.8%) | elapsed=00:00 | eta=00:00
Grid progress: 17/17 (100.0%) | elapsed=00:00 | eta=00:00
Grid progress: 1/1 (100.0%) | elapsed=00:00 | eta=00:00
Asset progress: 61/317 (19.2%) | bagbgbx OK | best EMA=(4,146,115) | elapsed=00:18 | eta=01:19
Grid progress: 10/17 (58.8%) | elapsed=00:00 | eta=00:00
Grid progress: 17/17 (100.0%) | elapsed=00:00 | eta=00:00
Grid progress: 1/1 (100.0%) | elapsed=00:00 | eta=00:00
Asset progress: 62/317 (19.6%) | barcgbgbx OK | best EMA=(31,194,193) | elapsed=00:19 | eta=01:19
Grid progress: 10/17 (58.8%) | elapsed=00:00 | eta=00:00
Grid progress: 17/17 (100.0%) | elapsed=00:00 | eta=00:00
Grid progress: 1/1 (100.0%) | elapsed=00:00 | eta=00:00
Asset progress: 63/317 (19.9%) | batsgbgbx OK | best EMA=(4,122,124) | elapsed=00:19 | eta=01:18
Grid progress: 10/17 (58.8%) | elapsed=00:00 | eta=00:00
Grid progress: 17/17 (100.0%) | elapsed=00:00 | eta=00:00
Grid progress: 1/1 (100.0%) | elapsed=00:00 | eta=00:00
Asset progress: 64/317 (20.2%) | bbvaeseur SKIP (No valid grid search results produced.) | elapsed=00:19 | eta=01:17
Grid progress: 10/17 (58.8%) | elapsed=00:00 | eta=00:00
Grid progress: 17/17 (100.0%) | elapsed=00:00 | eta=00:00
Grid progress: 1/1 (100.0%) | elapsed=00:00 | eta=00:00
Asset progress: 65/317 (20.5%) | bbyususd OK | best EMA=(22,95,112) | elapsed=00:19 | eta=01:17
Grid progress: 10/17 (58.8%) | elapsed=00:00 | eta=00:00
Grid progress: 17/17 (100.0%) | elapsed=00:00 | eta=00:00
Grid progress: 1/1 (100.0%) | elapsed=00:00 | eta=00:00
Asset progress: 66/317 (20.8%) | bdevgbgbx OK | best EMA=(10,128,121) | elapsed=00:20 | eta=01:17
Grid progress: 10/17 (58.8%) | elapsed=00:00 | eta=00:00
Grid progress: 17/17 (100.0%) | elapsed=00:00 | eta=00:00
Grid progress: 1/1 (100.0%) | elapsed=00:00 | eta=00:00
Asset progress: 67/317 (21.1%) | belgbeeur OK | best EMA=(16,158,142) | elapsed=00:20 | eta=01:17
Grid progress: 10/17 (58.8%) | elapsed=00:00 | eta=00:00
Grid progress: 17/17 (100.0%) | elapsed=00:00 | eta=00:00
Grid progress: 1/1 (100.0%) | elapsed=00:00 | eta=00:00
Asset progress: 68/317 (21.5%) | biibususd OK | best EMA=(13,107,106) | elapsed=00:21 | eta=01:17
Grid progress: 10/17 (58.8%) | elapsed=00:00 | eta=00:00
Grid progress: 17/17 (100.0%) | elapsed=00:00 | eta=00:00
Grid progress: 1/1 (100.0%) | elapsed=00:00 | eta=00:00
Asset progress: 69/317 (21.8%) | bnfreur SKIP (No valid grid search results produced.) | elapsed=00:21 | eta=01:16
Grid progress: 10/17 (58.8%) | elapsed=00:00 | eta=00:00
Grid progress: 17/17 (100.0%) | elapsed=00:00 | eta=00:00
Grid progress: 1/1 (100.0%) | elapsed=00:00 | eta=00:00
Asset progress: 70/317 (22.1%) | bpgbgbx OK | best EMA=(13,149,106) | elapsed=00:21 | eta=01:16
Grid progress: 10/17 (58.8%) | elapsed=00:00 | eta=00:00
Grid progress: 17/17 (100.0%) | elapsed=00:00 | eta=00:00
Grid progress: 1/1 (100.0%) | elapsed=00:00 | eta=00:00
Asset progress: 71/317 (22.4%) | brbygbgbx SKIP (No valid grid search results produced.) | elapsed=00:21 | eta=01:15
Grid progress: 10/17 (58.8%) | elapsed=00:00 | eta=00:00
Grid progress: 17/17 (100.0%) | elapsed=00:00 | eta=00:00
Grid progress: 1/1 (100.0%) | elapsed=00:00 | eta=00:00
Asset progress: 72/317 (22.7%) | brkbususd OK | best EMA=(34,185,184) | elapsed=00:22 | eta=01:15
Grid progress: 10/17 (58.8%) | elapsed=00:00 | eta=00:00
Grid progress: 17/17 (100.0%) | elapsed=00:00 | eta=00:00
Grid progress: 1/1 (100.0%) | elapsed=00:00 | eta=00:00
Asset progress: 73/317 (23.0%) | btgbgbx SKIP (No valid grid search results produced.) | elapsed=00:22 | eta=01:16
Grid progress: 10/17 (58.8%) | elapsed=00:00 | eta=00:00
Grid progress: 17/17 (100.0%) | elapsed=00:00 | eta=00:00
Grid progress: 1/1 (100.0%) | elapsed=00:00 | eta=00:00
Asset progress: 74/317 (23.3%) | bundtreur OK | best EMA=(10,92,118) | elapsed=00:23 | eta=01:15
Grid progress: 10/17 (58.8%) | elapsed=00:00 | eta=00:00
Grid progress: 17/17 (100.0%) | elapsed=00:00 | eta=00:00
Grid progress: 1/1 (100.0%) | elapsed=00:00 | eta=00:00
Asset progress: 75/317 (23.7%) | caciususd OK | best EMA=(22,83,139) | elapsed=00:23 | eta=01:15
Grid progress: 10/17 (58.8%) | elapsed=00:00 | eta=00:00
Grid progress: 17/17 (100.0%) | elapsed=00:00 | eta=00:00
Asset progress: 76/317 (24.0%) | cagususd SKIP (No valid grid search results produced.) | elapsed=00:23 | eta=01:14
Grid progress: 10/17 (58.8%) | elapsed=00:00 | eta=00:00
Grid progress: 17/17 (100.0%) | elapsed=00:00 | eta=00:00
Grid progress: 1/1 (100.0%) | elapsed=00:00 | eta=00:00
Asset progress: 77/317 (24.3%) | cahususd OK | best EMA=(4,164,145) | elapsed=00:23 | eta=01:14
Grid progress: 10/17 (58.8%) | elapsed=00:00 | eta=00:00
Grid progress: 17/17 (100.0%) | elapsed=00:00 | eta=00:00
Grid progress: 1/1 (100.0%) | elapsed=00:00 | eta=00:00
Asset progress: 78/317 (24.6%) | catususd SKIP (No valid grid search results produced.) | elapsed=00:24 | eta=01:13
Grid progress: 10/17 (58.8%) | elapsed=00:00 | eta=00:00
Grid progress: 17/17 (100.0%) | elapsed=00:00 | eta=00:00
Asset progress: 79/317 (24.9%) | cboeususd SKIP (No valid grid search results produced.) | elapsed=00:24 | eta=01:13
Grid progress: 10/17 (58.8%) | elapsed=00:00 | eta=00:00
Grid progress: 17/17 (100.0%) | elapsed=00:00 | eta=00:00
Grid progress: 1/1 (100.0%) | elapsed=00:00 | eta=00:00
Asset progress: 80/317 (25.2%) | cbususd OK | best EMA=(4,143,136) | elapsed=00:24 | eta=01:12
Grid progress: 10/17 (58.8%) | elapsed=00:00 | eta=00:00
Grid progress: 17/17 (100.0%) | elapsed=00:00 | eta=00:00
Grid progress: 1/1 (100.0%) | elapsed=00:00 | eta=00:00
Asset progress: 81/317 (25.6%) | cciususd OK | best EMA=(31,95,118) | elapsed=00:24 | eta=01:12
Grid progress: 10/17 (58.8%) | elapsed=00:00 | eta=00:00
Grid progress: 17/17 (100.0%) | elapsed=00:00 | eta=00:00
Grid progress: 1/1 (100.0%) | elapsed=00:00 | eta=00:00
Asset progress: 82/317 (25.9%) | cclususd SKIP (No valid grid search results produced.) | elapsed=00:25 | eta=01:12
Grid progress: 10/17 (58.8%) | elapsed=00:00 | eta=00:00
Grid progress: 17/17 (100.0%) | elapsed=00:00 | eta=00:00
Grid progress: 1/1 (100.0%) | elapsed=00:00 | eta=00:00
Asset progress: 83/317 (26.2%) | chfaed OK | best EMA=(13,161,145) | elapsed=00:25 | eta=01:11
Grid progress: 10/17 (58.8%) | elapsed=00:00 | eta=00:00
Grid progress: 17/17 (100.0%) | elapsed=00:00 | eta=00:00
Asset progress: 84/317 (26.5%) | chfczk SKIP (No valid grid search results produced.) | elapsed=00:25 | eta=01:10
Grid progress: 10/17 (58.8%) | elapsed=00:00 | eta=00:00
Grid progress: 17/17 (100.0%) | elapsed=00:00 | eta=00:00
Grid progress: 1/1 (100.0%) | elapsed=00:00 | eta=00:00
Asset progress: 85/317 (26.8%) | chfils OK | best EMA=(19,116,187) | elapsed=00:25 | eta=01:10
Grid progress: 10/17 (58.8%) | elapsed=00:00 | eta=00:00
Grid progress: 17/17 (100.0%) | elapsed=00:00 | eta=00:00
Grid progress: 1/1 (100.0%) | elapsed=00:00 | eta=00:00
Asset progress: 86/317 (27.1%) | chiidxusd OK | best EMA=(4,83,100) | elapsed=00:25 | eta=01:09
Grid progress: 10/17 (58.8%) | elapsed=00:00 | eta=00:00
Grid progress: 17/17 (100.0%) | elapsed=00:00 | eta=00:00
Grid progress: 1/1 (100.0%) | elapsed=00:00 | eta=00:00
Asset progress: 87/317 (27.4%) | copususd OK | best EMA=(34,179,100) | elapsed=00:26 | eta=01:09
Grid progress: 10/17 (58.8%) | elapsed=00:00 | eta=00:00
Grid progress: 17/17 (100.0%) | elapsed=00:00 | eta=00:00
Grid progress: 1/1 (100.0%) | elapsed=00:00 | eta=00:00
Asset progress: 88/317 (27.8%) | cpigbgbx OK | best EMA=(19,80,100) | elapsed=00:26 | eta=01:08
Grid progress: 10/17 (58.8%) | elapsed=00:00 | eta=00:00
Grid progress: 17/17 (100.0%) | elapsed=00:00 | eta=00:00
Grid progress: 1/1 (100.0%) | elapsed=00:00 | eta=00:00
Asset progress: 89/317 (28.1%) | cptususd OK | best EMA=(4,95,103) | elapsed=00:26 | eta=01:08
Grid progress: 10/17 (58.8%) | elapsed=00:00 | eta=00:00
Grid progress: 17/17 (100.0%) | elapsed=00:00 | eta=00:00
Grid progress: 1/1 (100.0%) | elapsed=00:00 | eta=00:00
Asset progress: 90/317 (28.4%) | crdagbgbx SKIP (No valid grid search results produced.) | elapsed=00:26 | eta=01:07
Grid progress: 10/17 (58.8%) | elapsed=00:00 | eta=00:00
Grid progress: 17/17 (100.0%) | elapsed=00:00 | eta=00:00
Asset progress: 91/317 (28.7%) | cslususd SKIP (No valid grid search results produced.) | elapsed=00:27 | eta=01:07
Grid progress: 10/17 (58.8%) | elapsed=00:00 | eta=00:00
Grid progress: 17/17 (100.0%) | elapsed=00:00 | eta=00:00
Grid progress: 1/1 (100.0%) | elapsed=00:00 | eta=00:00
Asset progress: 92/317 (29.0%) | ctshususd OK | best EMA=(13,197,196) | elapsed=00:27 | eta=01:06
Grid progress: 10/17 (58.8%) | elapsed=00:00 | eta=00:00
Grid progress: 17/17 (100.0%) | elapsed=00:00 | eta=00:00
Grid progress: 1/1 (100.0%) | elapsed=00:00 | eta=00:00
Asset progress: 93/317 (29.3%) | cvxususd OK | best EMA=(10,137,136) | elapsed=00:27 | eta=01:06
Grid progress: 10/17 (58.8%) | elapsed=00:00 | eta=00:00
Grid progress: 17/17 (100.0%) | elapsed=00:00 | eta=00:00
Grid progress: 1/1 (100.0%) | elapsed=00:00 | eta=00:00
Asset progress: 94/317 (29.7%) | dfsususd OK | best EMA=(4,86,130) | elapsed=00:27 | eta=01:06
Grid progress: 10/17 (58.8%) | elapsed=00:00 | eta=00:00
Grid progress: 17/17 (100.0%) | elapsed=00:00 | eta=00:00
Grid progress: 1/1 (100.0%) | elapsed=00:00 | eta=00:00
Asset progress: 95/317 (30.0%) | dhiususd OK | best EMA=(4,122,100) | elapsed=00:28 | eta=01:05
Grid progress: 10/17 (58.8%) | elapsed=00:00 | eta=00:00
Grid progress: 17/17 (100.0%) | elapsed=00:00 | eta=00:00
Grid progress: 1/1 (100.0%) | elapsed=00:00 | eta=00:00
Asset progress: 96/317 (30.3%) | dhrususd OK | best EMA=(4,101,100) | elapsed=00:28 | eta=01:05
Grid progress: 10/17 (58.8%) | elapsed=00:00 | eta=00:00
Grid progress: 17/17 (100.0%) | elapsed=00:00 | eta=00:00
Grid progress: 1/1 (100.0%) | elapsed=00:00 | eta=00:00
Asset progress: 97/317 (30.6%) | dsmnleur OK | best EMA=(10,101,133) | elapsed=00:28 | eta=01:05
Grid progress: 10/17 (58.8%) | elapsed=00:00 | eta=00:00
Grid progress: 17/17 (100.0%) | elapsed=00:00 | eta=00:00
Grid progress: 1/1 (100.0%) | elapsed=00:00 | eta=00:00
Asset progress: 98/317 (30.9%) | dvnususd SKIP (No valid grid search results produced.) | elapsed=00:28 | eta=01:04
Grid progress: 10/17 (58.8%) | elapsed=00:00 | eta=00:00
Grid progress: 17/17 (100.0%) | elapsed=00:00 | eta=00:00
Grid progress: 1/1 (100.0%) | elapsed=00:00 | eta=00:00
Asset progress: 99/317 (31.2%) | eaususd OK | best EMA=(4,86,157) | elapsed=00:29 | eta=01:04
Grid progress: 10/17 (58.8%) | elapsed=00:00 | eta=00:00
Grid progress: 17/17 (100.0%) | elapsed=00:00 | eta=00:00
Grid progress: 1/1 (100.0%) | elapsed=00:00 | eta=00:00
Asset progress: 100/317 (31.5%) | ebayususd OK | best EMA=(10,161,118) | elapsed=00:29 | eta=01:04
Grid progress: 10/17 (58.8%) | elapsed=00:00 | eta=00:00
Grid progress: 17/17 (100.0%) | elapsed=00:00 | eta=00:00
Grid progress: 1/1 (100.0%) | elapsed=00:00 | eta=00:00
Asset progress: 101/317 (31.9%) | ebsateur OK | best EMA=(31,197,193) | elapsed=00:30 | eta=01:04
Grid progress: 10/17 (58.8%) | elapsed=00:00 | eta=00:00
Grid progress: 17/17 (100.0%) | elapsed=00:00 | eta=00:00
Grid progress: 1/1 (100.0%) | elapsed=00:00 | eta=00:00
Asset progress: 102/317 (32.2%) | efxususd OK | best EMA=(7,167,136) | elapsed=00:30 | eta=01:04
Grid progress: 10/17 (58.8%) | elapsed=00:00 | eta=00:00
Grid progress: 17/17 (100.0%) | elapsed=00:00 | eta=00:00
Asset progress: 103/317 (32.5%) | ehcususd SKIP (No valid grid search results produced.) | elapsed=00:30 | eta=01:03
Grid progress: 10/17 (58.8%) | elapsed=00:00 | eta=00:00
Grid progress: 17/17 (100.0%) | elapsed=00:00 | eta=00:00
Grid progress: 1/1 (100.0%) | elapsed=00:00 | eta=00:00
Asset progress: 104/317 (32.8%) | eixususd OK | best EMA=(37,176,172) | elapsed=00:31 | eta=01:03
Grid progress: 10/17 (58.8%) | elapsed=00:00 | eta=00:00
Grid progress: 17/17 (100.0%) | elapsed=00:00 | eta=00:00
Grid progress: 1/1 (100.0%) | elapsed=00:00 | eta=00:00
Asset progress: 105/317 (33.1%) | elsususd OK | best EMA=(16,125,106) | elapsed=00:31 | eta=01:03
Grid progress: 10/17 (58.8%) | elapsed=00:00 | eta=00:00
Grid progress: 17/17 (100.0%) | elapsed=00:00 | eta=00:00
Grid progress: 1/1 (100.0%) | elapsed=00:00 | eta=00:00
Asset progress: 106/317 (33.4%) | elususd OK | best EMA=(25,116,100) | elapsed=00:31 | eta=01:03
Grid progress: 10/17 (58.8%) | elapsed=00:00 | eta=00:00
Grid progress: 17/17 (100.0%) | elapsed=00:00 | eta=00:00
Grid progress: 1/1 (100.0%) | elapsed=00:00 | eta=00:00
Asset progress: 107/317 (33.8%) | emrususd SKIP (No valid grid search results produced.) | elapsed=00:32 | eta=01:03
Grid progress: 10/17 (58.8%) | elapsed=00:00 | eta=00:00
Grid progress: 17/17 (100.0%) | elapsed=00:00 | eta=00:00
Grid progress: 1/1 (100.0%) | elapsed=00:00 | eta=00:00
Asset progress: 108/317 (34.1%) | engifreur OK | best EMA=(19,113,103) | elapsed=00:32 | eta=01:03
Grid progress: 10/17 (58.8%) | elapsed=00:00 | eta=00:00
Grid progress: 17/17 (100.0%) | elapsed=00:00 | eta=00:00
Grid progress: 1/1 (100.0%) | elapsed=00:00 | eta=00:00
Asset progress: 109/317 (34.4%) | eogususd SKIP (No valid grid search results produced.) | elapsed=00:32 | eta=01:02
Grid progress: 10/17 (58.8%) | elapsed=00:00 | eta=00:00
Grid progress: 17/17 (100.0%) | elapsed=00:00 | eta=00:00
Grid progress: 1/1 (100.0%) | elapsed=00:00 | eta=00:00
Asset progress: 110/317 (34.7%) | eosusd OK | best EMA=(10,101,100) | elapsed=00:33 | eta=01:02
Grid progress: 10/17 (58.8%) | elapsed=00:00 | eta=00:00
Grid progress: 17/17 (100.0%) | elapsed=00:00 | eta=00:00
Grid progress: 1/1 (100.0%) | elapsed=00:00 | eta=00:00
Asset progress: 111/317 (35.0%) | eqhususd OK | best EMA=(4,167,142) | elapsed=00:33 | eta=01:02
Grid progress: 10/17 (58.8%) | elapsed=00:00 | eta=00:00
Grid progress: 17/17 (100.0%) | elapsed=00:00 | eta=00:00
Grid progress: 1/1 (100.0%) | elapsed=00:00 | eta=00:00
Asset progress: 112/317 (35.3%) | eqtususd OK | best EMA=(4,140,121) | elapsed=00:33 | eta=01:01
Grid progress: 10/17 (58.8%) | elapsed=00:00 | eta=00:00
Grid progress: 17/17 (100.0%) | elapsed=00:00 | eta=00:00
Grid progress: 1/1 (100.0%) | elapsed=00:00 | eta=00:00
Asset progress: 113/317 (35.6%) | etnususd OK | best EMA=(13,185,187) | elapsed=00:33 | eta=01:01
Grid progress: 10/17 (58.8%) | elapsed=00:00 | eta=00:00
Grid progress: 17/17 (100.0%) | elapsed=00:00 | eta=00:00
Grid progress: 1/1 (100.0%) | elapsed=00:00 | eta=00:00
Asset progress: 114/317 (36.0%) | eurdkk OK | best EMA=(19,110,112) | elapsed=00:34 | eta=01:00
Grid progress: 10/17 (58.8%) | elapsed=00:00 | eta=00:00
Grid progress: 17/17 (100.0%) | elapsed=00:00 | eta=00:00
Asset progress: 115/317 (36.3%) | eusidxeur SKIP (No valid grid search results produced.) | elapsed=00:34 | eta=01:00
Grid progress: 10/17 (58.8%) | elapsed=00:00 | eta=00:00
Grid progress: 17/17 (100.0%) | elapsed=00:00 | eta=00:00
Grid progress: 1/1 (100.0%) | elapsed=00:00 | eta=00:00
Asset progress: 116/317 (36.6%) | ewbcususd SKIP (No valid grid search results produced.) | elapsed=00:34 | eta=00:59
Grid progress: 10/17 (58.8%) | elapsed=00:00 | eta=00:00
Grid progress: 17/17 (100.0%) | elapsed=00:00 | eta=00:00
Grid progress: 1/1 (100.0%) | elapsed=00:00 | eta=00:00
Asset progress: 117/317 (36.9%) | ewususd OK | best EMA=(4,101,100) | elapsed=00:34 | eta=00:59
Grid progress: 10/17 (58.8%) | elapsed=00:00 | eta=00:00
Grid progress: 17/17 (100.0%) | elapsed=00:00 | eta=00:00
Grid progress: 1/1 (100.0%) | elapsed=00:00 | eta=00:00
Asset progress: 118/317 (37.2%) | excususd SKIP (No valid grid search results produced.) | elapsed=00:35 | eta=00:59
Grid progress: 10/17 (58.8%) | elapsed=00:00 | eta=00:00
Grid progress: 17/17 (100.0%) | elapsed=00:00 | eta=00:00
Grid progress: 1/1 (100.0%) | elapsed=00:00 | eta=00:00
Asset progress: 119/317 (37.5%) | expeususd OK | best EMA=(31,167,100) | elapsed=00:35 | eta=00:59
Grid progress: 10/17 (58.8%) | elapsed=00:00 | eta=00:00
Grid progress: 17/17 (100.0%) | elapsed=00:00 | eta=00:00
Grid progress: 1/1 (100.0%) | elapsed=00:00 | eta=00:00
Asset progress: 120/317 (37.9%) | exrususd OK | best EMA=(7,155,121) | elapsed=00:35 | eta=00:59
Grid progress: 10/17 (58.8%) | elapsed=00:00 | eta=00:00
Grid progress: 17/17 (100.0%) | elapsed=00:00 | eta=00:00
Grid progress: 1/1 (100.0%) | elapsed=00:00 | eta=00:00
Asset progress: 121/317 (38.2%) | fbususd SKIP (No valid grid search results produced.) | elapsed=00:36 | eta=00:58
Grid progress: 10/17 (58.8%) | elapsed=00:00 | eta=00:00
Grid progress: 17/17 (100.0%) | elapsed=00:00 | eta=00:00
Grid progress: 1/1 (100.0%) | elapsed=00:00 | eta=00:00
Asset progress: 122/317 (38.5%) | fdsususd OK | best EMA=(31,137,130) | elapsed=00:36 | eta=00:58
Grid progress: 10/17 (58.8%) | elapsed=00:00 | eta=00:00
Grid progress: 17/17 (100.0%) | elapsed=00:00 | eta=00:00
Grid progress: 1/1 (100.0%) | elapsed=00:00 | eta=00:00
Asset progress: 123/317 (38.8%) | fdxususd OK | best EMA=(4,134,103) | elapsed=00:36 | eta=00:58
Grid progress: 10/17 (58.8%) | elapsed=00:00 | eta=00:00
Grid progress: 17/17 (100.0%) | elapsed=00:00 | eta=00:00
Grid progress: 1/1 (100.0%) | elapsed=00:00 | eta=00:00
Asset progress: 124/317 (39.1%) | feususd OK | best EMA=(7,179,175) | elapsed=00:37 | eta=00:58
Grid progress: 10/17 (58.8%) | elapsed=00:00 | eta=00:00
Grid progress: 17/17 (100.0%) | elapsed=00:00 | eta=00:00
Grid progress: 1/1 (100.0%) | elapsed=00:00 | eta=00:00
Asset progress: 125/317 (39.4%) | ficoususd SKIP (No valid grid search results produced.) | elapsed=00:37 | eta=00:57
Grid progress: 10/17 (58.8%) | elapsed=00:00 | eta=00:00
Grid progress: 17/17 (100.0%) | elapsed=00:00 | eta=00:00
Grid progress: 1/1 (100.0%) | elapsed=00:00 | eta=00:00
Asset progress: 126/317 (39.7%) | fitbususd OK | best EMA=(4,179,106) | elapsed=00:38 | eta=00:57
Grid progress: 10/17 (58.8%) | elapsed=00:00 | eta=00:00
Grid progress: 17/17 (100.0%) | elapsed=00:00 | eta=00:00
Grid progress: 1/1 (100.0%) | elapsed=00:00 | eta=00:00
Asset progress: 127/317 (40.1%) | fltususd OK | best EMA=(25,188,187) | elapsed=00:38 | eta=00:57
Grid progress: 10/17 (58.8%) | elapsed=00:00 | eta=00:00
Grid progress: 17/17 (100.0%) | elapsed=00:00 | eta=00:00
Grid progress: 1/1 (100.0%) | elapsed=00:00 | eta=00:00
Asset progress: 128/317 (40.4%) | fndususd OK | best EMA=(7,161,115) | elapsed=00:38 | eta=00:56
Grid progress: 10/17 (58.8%) | elapsed=00:00 | eta=00:00
Grid progress: 17/17 (100.0%) | elapsed=00:00 | eta=00:00
Grid progress: 1/1 (100.0%) | elapsed=00:00 | eta=00:00
Asset progress: 129/317 (40.7%) | ftvususd OK | best EMA=(37,194,193) | elapsed=00:38 | eta=00:56
Grid progress: 10/17 (58.8%) | elapsed=00:00 | eta=00:00
Grid progress: 17/17 (100.0%) | elapsed=00:00 | eta=00:00
Grid progress: 1/1 (100.0%) | elapsed=00:00 | eta=00:00
Asset progress: 130/317 (41.0%) | fususd SKIP (No valid grid search results produced.) | elapsed=00:39 | eta=00:56
Grid progress: 10/17 (58.8%) | elapsed=00:00 | eta=00:00
Grid progress: 17/17 (100.0%) | elapsed=00:00 | eta=00:00
Grid progress: 1/1 (100.0%) | elapsed=00:00 | eta=00:00
Asset progress: 131/317 (41.3%) | gbpaud OK | best EMA=(4,170,145) | elapsed=00:39 | eta=00:55
Grid progress: 10/17 (58.8%) | elapsed=00:00 | eta=00:00
Grid progress: 17/17 (100.0%) | elapsed=00:00 | eta=00:00
Grid progress: 1/1 (100.0%) | elapsed=00:00 | eta=00:00
Asset progress: 132/317 (41.6%) | gbpcad OK | best EMA=(10,194,103) | elapsed=00:39 | eta=00:55
Grid progress: 10/17 (58.8%) | elapsed=00:00 | eta=00:00
Grid progress: 17/17 (100.0%) | elapsed=00:00 | eta=00:00
Grid progress: 1/1 (100.0%) | elapsed=00:00 | eta=00:00
Asset progress: 133/317 (42.0%) | gbpchf SKIP (No valid grid search results produced.) | elapsed=00:39 | eta=00:55
Grid progress: 10/17 (58.8%) | elapsed=00:00 | eta=00:00
Grid progress: 17/17 (100.0%) | elapsed=00:00 | eta=00:00
Grid progress: 1/1 (100.0%) | elapsed=00:00 | eta=00:00
Asset progress: 134/317 (42.3%) | gbridxgbp OK | best EMA=(22,185,130) | elapsed=00:40 | eta=00:55
Grid progress: 10/17 (58.8%) | elapsed=00:00 | eta=00:00
Grid progress: 17/17 (100.0%) | elapsed=00:00 | eta=00:00
Grid progress: 1/1 (100.0%) | elapsed=00:00 | eta=00:00
Asset progress: 135/317 (42.6%) | geususd OK | best EMA=(4,89,124) | elapsed=00:40 | eta=00:54
Grid progress: 10/17 (58.8%) | elapsed=00:00 | eta=00:00
Grid progress: 17/17 (100.0%) | elapsed=00:00 | eta=00:00
Grid progress: 1/1 (100.0%) | elapsed=00:00 | eta=00:00
Asset progress: 136/317 (42.9%) | ghususd SKIP (No valid grid search results produced.) | elapsed=00:40 | eta=00:54
Grid progress: 10/17 (58.8%) | elapsed=00:00 | eta=00:00
Grid progress: 17/17 (100.0%) | elapsed=00:00 | eta=00:00
Grid progress: 1/1 (100.0%) | elapsed=00:00 | eta=00:00
Asset progress: 137/317 (43.2%) | gisususd SKIP (No valid grid search results produced.) | elapsed=00:41 | eta=00:54
Grid progress: 10/17 (58.8%) | elapsed=00:00 | eta=00:00
Grid progress: 17/17 (100.0%) | elapsed=00:00 | eta=00:00
Grid progress: 1/1 (100.0%) | elapsed=00:00 | eta=00:00
Asset progress: 138/317 (43.5%) | glefreur OK | best EMA=(4,170,100) | elapsed=00:41 | eta=00:53
Grid progress: 10/17 (58.8%) | elapsed=00:00 | eta=00:00
Grid progress: 17/17 (100.0%) | elapsed=00:00 | eta=00:00
Grid progress: 1/1 (100.0%) | elapsed=00:00 | eta=00:00
Asset progress: 139/317 (43.8%) | glwususd OK | best EMA=(19,164,121) | elapsed=00:41 | eta=00:53
Grid progress: 10/17 (58.8%) | elapsed=00:00 | eta=00:00
Grid progress: 17/17 (100.0%) | elapsed=00:00 | eta=00:00
Grid progress: 1/1 (100.0%) | elapsed=00:00 | eta=00:00
Asset progress: 140/317 (44.2%) | gnrcususd OK | best EMA=(10,104,139) | elapsed=00:41 | eta=00:53
Grid progress: 10/17 (58.8%) | elapsed=00:00 | eta=00:00
Grid progress: 17/17 (100.0%) | elapsed=00:00 | eta=00:00
Grid progress: 1/1 (100.0%) | elapsed=00:00 | eta=00:00
Asset progress: 141/317 (44.5%) | googususd SKIP (No valid grid search results produced.) | elapsed=00:42 | eta=00:52
Grid progress: 10/17 (58.8%) | elapsed=00:00 | eta=00:00
Grid progress: 17/17 (100.0%) | elapsed=00:00 | eta=00:00
Grid progress: 1/1 (100.0%) | elapsed=00:00 | eta=00:00
Asset progress: 142/317 (44.8%) | gpnususd OK | best EMA=(7,137,136) | elapsed=00:42 | eta=00:52
Grid progress: 10/17 (58.8%) | elapsed=00:00 | eta=00:00
Grid progress: 17/17 (100.0%) | elapsed=00:00 | eta=00:00
Grid progress: 1/1 (100.0%) | elapsed=00:00 | eta=00:00
Asset progress: 143/317 (45.1%) | gpsususd SKIP (No valid grid search results produced.) | elapsed=00:42 | eta=00:52
Grid progress: 10/17 (58.8%) | elapsed=00:00 | eta=00:00
Grid progress: 17/17 (100.0%) | elapsed=00:00 | eta=00:00
Grid progress: 1/1 (100.0%) | elapsed=00:00 | eta=00:00
Asset progress: 144/317 (45.4%) | gwwususd SKIP (No valid grid search results produced.) | elapsed=00:43 | eta=00:51
Grid progress: 10/17 (58.8%) | elapsed=00:00 | eta=00:00
Grid progress: 17/17 (100.0%) | elapsed=00:00 | eta=00:00
Grid progress: 1/1 (100.0%) | elapsed=00:00 | eta=00:00
Asset progress: 145/317 (45.7%) | halususd OK | best EMA=(31,194,139) | elapsed=00:43 | eta=00:51
Grid progress: 10/17 (58.8%) | elapsed=00:00 | eta=00:00
Grid progress: 17/17 (100.0%) | elapsed=00:00 | eta=00:00
Grid progress: 1/1 (100.0%) | elapsed=00:00 | eta=00:00
Asset progress: 146/317 (46.1%) | hcnususd OK | best EMA=(7,164,121) | elapsed=00:43 | eta=00:51
Grid progress: 10/17 (58.8%) | elapsed=00:00 | eta=00:00
Grid progress: 17/17 (100.0%) | elapsed=00:00 | eta=00:00
Grid progress: 1/1 (100.0%) | elapsed=00:00 | eta=00:00
Asset progress: 147/317 (46.4%) | heianleur OK | best EMA=(10,182,154) | elapsed=00:44 | eta=00:51
Grid progress: 10/17 (58.8%) | elapsed=00:00 | eta=00:00
Grid progress: 17/17 (100.0%) | elapsed=00:00 | eta=00:00
Grid progress: 1/1 (100.0%) | elapsed=00:00 | eta=00:00
Asset progress: 148/317 (46.7%) | hesususd OK | best EMA=(4,197,118) | elapsed=00:45 | eta=00:51
Grid progress: 10/17 (58.8%) | elapsed=00:00 | eta=00:00
Grid progress: 17/17 (100.0%) | elapsed=00:00 | eta=00:00
Grid progress: 1/1 (100.0%) | elapsed=00:00 | eta=00:00
Asset progress: 149/317 (47.0%) | hkdjpy SKIP (No valid grid search results produced.) | elapsed=00:45 | eta=00:51
Grid progress: 10/17 (58.8%) | elapsed=00:00 | eta=00:00
Grid progress: 17/17 (100.0%) | elapsed=00:00 | eta=00:00
Grid progress: 1/1 (100.0%) | elapsed=00:00 | eta=00:00
Asset progress: 150/317 (47.3%) | hkgidxhkd OK | best EMA=(4,155,112) | elapsed=00:45 | eta=00:50
Grid progress: 10/17 (58.8%) | elapsed=00:00 | eta=00:00
Grid progress: 17/17 (100.0%) | elapsed=00:00 | eta=00:00
Grid progress: 1/1 (100.0%) | elapsed=00:00 | eta=00:00
Asset progress: 151/317 (47.6%) | hogususd OK | best EMA=(4,152,124) | elapsed=00:46 | eta=00:50
Grid progress: 10/17 (58.8%) | elapsed=00:00 | eta=00:00
Grid progress: 17/17 (100.0%) | elapsed=00:00 | eta=00:00
Grid progress: 1/1 (100.0%) | elapsed=00:00 | eta=00:00
Asset progress: 152/317 (47.9%) | honususd OK | best EMA=(10,125,109) | elapsed=00:46 | eta=00:50
Grid progress: 10/17 (58.8%) | elapsed=00:00 | eta=00:00
Grid progress: 17/17 (100.0%) | elapsed=00:00 | eta=00:00
Grid progress: 1/1 (100.0%) | elapsed=00:00 | eta=00:00
Asset progress: 153/317 (48.3%) | hpeususd OK | best EMA=(13,134,100) | elapsed=00:46 | eta=00:50
Grid progress: 10/17 (58.8%) | elapsed=00:00 | eta=00:00
Grid progress: 17/17 (100.0%) | elapsed=00:00 | eta=00:00
Grid progress: 1/1 (100.0%) | elapsed=00:00 | eta=00:00
Asset progress: 154/317 (48.6%) | hpqususd OK | best EMA=(4,116,100) | elapsed=00:47 | eta=00:49
Grid progress: 10/17 (58.8%) | elapsed=00:00 | eta=00:00
Grid progress: 17/17 (100.0%) | elapsed=00:00 | eta=00:00
Grid progress: 1/1 (100.0%) | elapsed=00:00 | eta=00:00
Asset progress: 155/317 (48.9%) | humususd OK | best EMA=(37,182,163) | elapsed=00:47 | eta=00:49
Grid progress: 10/17 (58.8%) | elapsed=00:00 | eta=00:00
Grid progress: 17/17 (100.0%) | elapsed=00:00 | eta=00:00
Grid progress: 1/1 (100.0%) | elapsed=00:00 | eta=00:00
Asset progress: 156/317 (49.2%) | hwmususd OK | best EMA=(4,152,151) | elapsed=00:47 | eta=00:49
Grid progress: 10/17 (58.8%) | elapsed=00:00 | eta=00:00
Grid progress: 17/17 (100.0%) | elapsed=00:00 | eta=00:00
Grid progress: 1/1 (100.0%) | elapsed=00:00 | eta=00:00
Asset progress: 157/317 (49.5%) | iaggbgbx OK | best EMA=(4,173,169) | elapsed=00:48 | eta=00:48
Grid progress: 10/17 (58.8%) | elapsed=00:00 | eta=00:00
Grid progress: 17/17 (100.0%) | elapsed=00:00 | eta=00:00
Grid progress: 1/1 (100.0%) | elapsed=00:00 | eta=00:00
Asset progress: 158/317 (49.8%) | ibkrususd SKIP (No valid grid search results produced.) | elapsed=00:48 | eta=00:48
Grid progress: 10/17 (58.8%) | elapsed=00:00 | eta=00:00
Grid progress: 17/17 (100.0%) | elapsed=00:00 | eta=00:00
Grid progress: 1/1 (100.0%) | elapsed=00:00 | eta=00:00
Asset progress: 159/317 (50.2%) | ibmususd OK | best EMA=(28,128,118) | elapsed=00:48 | eta=00:48
Grid progress: 10/17 (58.8%) | elapsed=00:00 | eta=00:00
Grid progress: 17/17 (100.0%) | elapsed=00:00 | eta=00:00
Grid progress: 1/1 (100.0%) | elapsed=00:00 | eta=00:00
Asset progress: 160/317 (50.5%) | iceususd OK | best EMA=(4,191,133) | elapsed=00:48 | eta=00:48
Grid progress: 10/17 (58.8%) | elapsed=00:00 | eta=00:00
Grid progress: 17/17 (100.0%) | elapsed=00:00 | eta=00:00
Grid progress: 1/1 (100.0%) | elapsed=00:00 | eta=00:00
Asset progress: 161/317 (50.8%) | idxxususd OK | best EMA=(25,107,106) | elapsed=00:49 | eta=00:47
Grid progress: 10/17 (58.8%) | elapsed=00:00 | eta=00:00
Grid progress: 17/17 (100.0%) | elapsed=00:00 | eta=00:00
Grid progress: 1/1 (100.0%) | elapsed=00:00 | eta=00:00
Asset progress: 162/317 (51.1%) | ilmnususd OK | best EMA=(4,170,112) | elapsed=00:49 | eta=00:47
Grid progress: 10/17 (58.8%) | elapsed=00:00 | eta=00:00
Grid progress: 17/17 (100.0%) | elapsed=00:00 | eta=00:00
Grid progress: 1/1 (100.0%) | elapsed=00:00 | eta=00:00
Asset progress: 163/317 (51.4%) | inganleur OK | best EMA=(4,89,109) | elapsed=00:49 | eta=00:46
Grid progress: 10/17 (58.8%) | elapsed=00:00 | eta=00:00
Grid progress: 17/17 (100.0%) | elapsed=00:00 | eta=00:00
Grid progress: 1/1 (100.0%) | elapsed=00:00 | eta=00:00
Asset progress: 164/317 (51.7%) | intcususd OK | best EMA=(34,113,109) | elapsed=00:50 | eta=00:46
Grid progress: 10/17 (58.8%) | elapsed=00:00 | eta=00:00
Grid progress: 17/17 (100.0%) | elapsed=00:00 | eta=00:00
Grid progress: 1/1 (100.0%) | elapsed=00:00 | eta=00:00
Asset progress: 165/317 (52.1%) | ipgpususd OK | best EMA=(22,143,142) | elapsed=00:50 | eta=00:46
Grid progress: 10/17 (58.8%) | elapsed=00:00 | eta=00:00
Grid progress: 17/17 (100.0%) | elapsed=00:00 | eta=00:00
Grid progress: 1/1 (100.0%) | elapsed=00:00 | eta=00:00
Asset progress: 166/317 (52.4%) | ipgususd SKIP (No valid grid search results produced.) | elapsed=00:50 | eta=00:46
Grid progress: 10/17 (58.8%) | elapsed=00:00 | eta=00:00
Grid progress: 17/17 (100.0%) | elapsed=00:00 | eta=00:00
Grid progress: 1/1 (100.0%) | elapsed=00:00 | eta=00:00
Asset progress: 167/317 (52.7%) | irususd OK | best EMA=(4,98,133) | elapsed=00:50 | eta=00:45
Grid progress: 10/17 (58.8%) | elapsed=00:00 | eta=00:00
Grid progress: 17/17 (100.0%) | elapsed=00:00 | eta=00:00
Grid progress: 1/1 (100.0%) | elapsed=00:00 | eta=00:00
Asset progress: 168/317 (53.0%) | isrgususd OK | best EMA=(4,95,100) | elapsed=00:51 | eta=00:45
Grid progress: 10/17 (58.8%) | elapsed=00:00 | eta=00:00
Grid progress: 17/17 (100.0%) | elapsed=00:00 | eta=00:00
Grid progress: 1/1 (100.0%) | elapsed=00:00 | eta=00:00
Asset progress: 169/317 (53.3%) | itubususd OK | best EMA=(7,143,151) | elapsed=00:51 | eta=00:45
Grid progress: 10/17 (58.8%) | elapsed=00:00 | eta=00:00
Grid progress: 17/17 (100.0%) | elapsed=00:00 | eta=00:00
Grid progress: 1/1 (100.0%) | elapsed=00:00 | eta=00:00
Asset progress: 170/317 (53.6%) | itwususd OK | best EMA=(4,107,100) | elapsed=00:51 | eta=00:44
Grid progress: 10/17 (58.8%) | elapsed=00:00 | eta=00:00
Grid progress: 17/17 (100.0%) | elapsed=00:00 | eta=00:00
Grid progress: 1/1 (100.0%) | elapsed=00:00 | eta=00:00
Asset progress: 171/317 (53.9%) | ivzususd SKIP (No valid grid search results produced.) | elapsed=00:52 | eta=00:44
Grid progress: 10/17 (58.8%) | elapsed=00:00 | eta=00:00
Grid progress: 17/17 (100.0%) | elapsed=00:00 | eta=00:00
Grid progress: 1/1 (100.0%) | elapsed=00:00 | eta=00:00
Asset progress: 172/317 (54.3%) | jciususd OK | best EMA=(4,80,121) | elapsed=00:52 | eta=00:44
Grid progress: 10/17 (58.8%) | elapsed=00:00 | eta=00:00
Grid progress: 17/17 (100.0%) | elapsed=00:00 | eta=00:00
Grid progress: 1/1 (100.0%) | elapsed=00:00 | eta=00:00
Asset progress: 173/317 (54.6%) | jllususd SKIP (No valid grid search results produced.) | elapsed=00:52 | eta=00:43
Grid progress: 10/17 (58.8%) | elapsed=00:00 | eta=00:00
Grid progress: 17/17 (100.0%) | elapsed=00:00 | eta=00:00
Grid progress: 1/1 (100.0%) | elapsed=00:00 | eta=00:00
Asset progress: 174/317 (54.9%) | jpmususd OK | best EMA=(7,89,148) | elapsed=00:53 | eta=00:43
Grid progress: 10/17 (58.8%) | elapsed=00:00 | eta=00:00
Grid progress: 17/17 (100.0%) | elapsed=00:00 | eta=00:00
Grid progress: 1/1 (100.0%) | elapsed=00:00 | eta=00:00
Asset progress: 175/317 (55.2%) | jwnususd OK | best EMA=(4,197,196) | elapsed=00:53 | eta=00:43
Grid progress: 10/17 (58.8%) | elapsed=00:00 | eta=00:00
Grid progress: 17/17 (100.0%) | elapsed=00:00 | eta=00:00
Grid progress: 1/1 (100.0%) | elapsed=00:00 | eta=00:00
Asset progress: 176/317 (55.5%) | kbcbeeur OK | best EMA=(4,95,124) | elapsed=00:53 | eta=00:43
Grid progress: 10/17 (58.8%) | elapsed=00:00 | eta=00:00
Grid progress: 17/17 (100.0%) | elapsed=00:00 | eta=00:00
Grid progress: 1/1 (100.0%) | elapsed=00:00 | eta=00:00
Asset progress: 177/317 (55.8%) | kerfreur OK | best EMA=(37,182,178) | elapsed=00:54 | eta=00:42
Grid progress: 10/17 (58.8%) | elapsed=00:00 | eta=00:00
Grid progress: 17/17 (100.0%) | elapsed=00:00 | eta=00:00
Grid progress: 1/1 (100.0%) | elapsed=00:00 | eta=00:00
Asset progress: 178/317 (56.2%) | keysususd OK | best EMA=(16,101,100) | elapsed=00:54 | eta=00:42
Grid progress: 10/17 (58.8%) | elapsed=00:00 | eta=00:00
Grid progress: 17/17 (100.0%) | elapsed=00:00 | eta=00:00
Grid progress: 1/1 (100.0%) | elapsed=00:00 | eta=00:00
Asset progress: 179/317 (56.5%) | keyususd SKIP (No valid grid search results produced.) | elapsed=00:54 | eta=00:42
Grid progress: 10/17 (58.8%) | elapsed=00:00 | eta=00:00
Grid progress: 17/17 (100.0%) | elapsed=00:00 | eta=00:00
Grid progress: 1/1 (100.0%) | elapsed=00:00 | eta=00:00
Asset progress: 180/317 (56.8%) | kgfgbgbx OK | best EMA=(16,176,133) | elapsed=00:55 | eta=00:42
Grid progress: 10/17 (58.8%) | elapsed=00:00 | eta=00:00
Grid progress: 17/17 (100.0%) | elapsed=00:00 | eta=00:00
Grid progress: 1/1 (100.0%) | elapsed=00:00 | eta=00:00
Asset progress: 181/317 (57.1%) | khcususd SKIP (No valid grid search results produced.) | elapsed=00:55 | eta=00:41
Grid progress: 10/17 (58.8%) | elapsed=00:00 | eta=00:00
Grid progress: 17/17 (100.0%) | elapsed=00:00 | eta=00:00
Grid progress: 1/1 (100.0%) | elapsed=00:00 | eta=00:00
Asset progress: 182/317 (57.4%) | kmbususd OK | best EMA=(7,167,118) | elapsed=00:56 | eta=00:41
Grid progress: 10/17 (58.8%) | elapsed=00:00 | eta=00:00
Grid progress: 17/17 (100.0%) | elapsed=00:00 | eta=00:00
Grid progress: 1/1 (100.0%) | elapsed=00:00 | eta=00:00
Asset progress: 183/317 (57.7%) | kmiususd OK | best EMA=(10,140,100) | elapsed=00:56 | eta=00:41
Grid progress: 10/17 (58.8%) | elapsed=00:00 | eta=00:00
Grid progress: 17/17 (100.0%) | elapsed=00:00 | eta=00:00
Grid progress: 1/1 (100.0%) | elapsed=00:00 | eta=00:00
Asset progress: 184/317 (58.0%) | kmxususd OK | best EMA=(19,101,100) | elapsed=00:56 | eta=00:41
Grid progress: 10/17 (58.8%) | elapsed=00:00 | eta=00:00
Grid progress: 17/17 (100.0%) | elapsed=00:00 | eta=00:00
Grid progress: 1/1 (100.0%) | elapsed=00:00 | eta=00:00
Asset progress: 185/317 (58.4%) | knxususd OK | best EMA=(19,185,157) | elapsed=00:57 | eta=00:40
Grid progress: 10/17 (58.8%) | elapsed=00:00 | eta=00:00
Grid progress: 17/17 (100.0%) | elapsed=00:00 | eta=00:00
Grid progress: 1/1 (100.0%) | elapsed=00:00 | eta=00:00
Asset progress: 186/317 (58.7%) | koususd OK | best EMA=(7,104,100) | elapsed=00:57 | eta=00:40
Grid progress: 10/17 (58.8%) | elapsed=00:00 | eta=00:00
Grid progress: 17/17 (100.0%) | elapsed=00:00 | eta=00:00
Grid progress: 1/1 (100.0%) | elapsed=00:00 | eta=00:00
Asset progress: 187/317 (59.0%) | kpnnleur OK | best EMA=(10,119,118) | elapsed=00:57 | eta=00:40
Grid progress: 10/17 (58.8%) | elapsed=00:00 | eta=00:00
Grid progress: 17/17 (100.0%) | elapsed=00:00 | eta=00:00
Grid progress: 1/1 (100.0%) | elapsed=00:00 | eta=00:00
Asset progress: 188/317 (59.3%) | krususd OK | best EMA=(37,173,139) | elapsed=00:58 | eta=00:39
Grid progress: 10/17 (58.8%) | elapsed=00:00 | eta=00:00
Grid progress: 17/17 (100.0%) | elapsed=00:00 | eta=00:00
Grid progress: 1/1 (100.0%) | elapsed=00:00 | eta=00:00
Asset progress: 189/317 (59.6%) | kssususd OK | best EMA=(7,128,118) | elapsed=00:58 | eta=00:39
Grid progress: 10/17 (58.8%) | elapsed=00:00 | eta=00:00
Grid progress: 17/17 (100.0%) | elapsed=00:00 | eta=00:00
Grid progress: 1/1 (100.0%) | elapsed=00:00 | eta=00:00
Asset progress: 190/317 (59.9%) | kususd OK | best EMA=(28,173,112) | elapsed=00:59 | eta=00:39
Grid progress: 10/17 (58.8%) | elapsed=00:00 | eta=00:00
Grid progress: 17/17 (100.0%) | elapsed=00:00 | eta=00:00
Grid progress: 1/1 (100.0%) | elapsed=00:00 | eta=00:00
Asset progress: 191/317 (60.3%) | lenususd OK | best EMA=(19,194,193) | elapsed=00:59 | eta=00:39
Grid progress: 10/17 (58.8%) | elapsed=00:00 | eta=00:00
Grid progress: 17/17 (100.0%) | elapsed=00:00 | eta=00:00
Grid progress: 1/1 (100.0%) | elapsed=00:00 | eta=00:00
Asset progress: 192/317 (60.6%) | lgengbgbx OK | best EMA=(25,131,109) | elapsed=00:59 | eta=00:38
Grid progress: 10/17 (58.8%) | elapsed=00:00 | eta=00:00
Grid progress: 17/17 (100.0%) | elapsed=00:00 | eta=00:00
Grid progress: 1/1 (100.0%) | elapsed=00:00 | eta=00:00
Asset progress: 193/317 (60.9%) | llyususd SKIP (No valid grid search results produced.) | elapsed=00:59 | eta=00:38
Grid progress: 10/17 (58.8%) | elapsed=00:00 | eta=00:00
Grid progress: 17/17 (100.0%) | elapsed=00:00 | eta=00:00
Grid progress: 1/1 (100.0%) | elapsed=00:00 | eta=00:00
Asset progress: 194/317 (61.2%) | lngususd OK | best EMA=(25,113,106) | elapsed=01:00 | eta=00:38
Grid progress: 10/17 (58.8%) | elapsed=00:00 | eta=00:00
Grid progress: 17/17 (100.0%) | elapsed=00:00 | eta=00:00
Grid progress: 1/1 (100.0%) | elapsed=00:00 | eta=00:00
Asset progress: 195/317 (61.5%) | lowususd OK | best EMA=(4,173,172) | elapsed=01:00 | eta=00:37
Grid progress: 10/17 (58.8%) | elapsed=00:00 | eta=00:00
Grid progress: 17/17 (100.0%) | elapsed=00:00 | eta=00:00
Grid progress: 1/1 (100.0%) | elapsed=00:00 | eta=00:00
Asset progress: 196/317 (61.8%) | lplaususd OK | best EMA=(7,146,139) | elapsed=01:00 | eta=00:37
Grid progress: 10/17 (58.8%) | elapsed=00:00 | eta=00:00
Grid progress: 17/17 (100.0%) | elapsed=00:00 | eta=00:00
Grid progress: 1/1 (100.0%) | elapsed=00:00 | eta=00:00
Asset progress: 197/317 (62.1%) | lususd OK | best EMA=(37,89,100) | elapsed=01:00 | eta=00:37
Grid progress: 10/17 (58.8%) | elapsed=00:00 | eta=00:00
Grid progress: 17/17 (100.0%) | elapsed=00:00 | eta=00:00
Grid progress: 1/1 (100.0%) | elapsed=00:00 | eta=00:00
Asset progress: 198/317 (62.5%) | luvususd OK | best EMA=(22,101,100) | elapsed=01:01 | eta=00:36
Grid progress: 10/17 (58.8%) | elapsed=00:00 | eta=00:00
Grid progress: 17/17 (100.0%) | elapsed=00:00 | eta=00:00
Grid progress: 1/1 (100.0%) | elapsed=00:00 | eta=00:00
Asset progress: 199/317 (62.8%) | lvsususd OK | best EMA=(4,188,115) | elapsed=01:01 | eta=00:36
Grid progress: 10/17 (58.8%) | elapsed=00:00 | eta=00:00
Grid progress: 17/17 (100.0%) | elapsed=00:00 | eta=00:00
Grid progress: 1/1 (100.0%) | elapsed=00:00 | eta=00:00
Asset progress: 200/317 (63.1%) | lwususd OK | best EMA=(28,164,139) | elapsed=01:02 | eta=00:36
Grid progress: 10/17 (58.8%) | elapsed=00:00 | eta=00:00
Grid progress: 17/17 (100.0%) | elapsed=00:00 | eta=00:00
Grid progress: 1/1 (100.0%) | elapsed=00:00 | eta=00:00
Asset progress: 201/317 (63.4%) | lyvususd SKIP (No valid grid search results produced.) | elapsed=01:02 | eta=00:35
Grid progress: 10/17 (58.8%) | elapsed=00:00 | eta=00:00
Grid progress: 17/17 (100.0%) | elapsed=00:00 | eta=00:00
Grid progress: 1/1 (100.0%) | elapsed=00:00 | eta=00:00
Asset progress: 202/317 (63.7%) | maerskbdkdkk OK | best EMA=(10,89,118) | elapsed=01:02 | eta=00:35
Grid progress: 10/17 (58.8%) | elapsed=00:00 | eta=00:00
Grid progress: 17/17 (100.0%) | elapsed=00:00 | eta=00:00
Grid progress: 1/1 (100.0%) | elapsed=00:00 | eta=00:00
Asset progress: 203/317 (64.0%) | manhususd OK | best EMA=(10,158,115) | elapsed=01:02 | eta=00:35
Grid progress: 10/17 (58.8%) | elapsed=00:00 | eta=00:00
Grid progress: 17/17 (100.0%) | elapsed=00:00 | eta=00:00
Grid progress: 1/1 (100.0%) | elapsed=00:00 | eta=00:00
Asset progress: 204/317 (64.4%) | marususd OK | best EMA=(37,185,151) | elapsed=01:03 | eta=00:35
Grid progress: 10/17 (58.8%) | elapsed=00:00 | eta=00:00
Grid progress: 17/17 (100.0%) | elapsed=00:00 | eta=00:00
Grid progress: 1/1 (100.0%) | elapsed=00:00 | eta=00:00
Asset progress: 205/317 (64.7%) | masiususd OK | best EMA=(31,134,112) | elapsed=01:03 | eta=00:34
Grid progress: 10/17 (58.8%) | elapsed=00:00 | eta=00:00
Grid progress: 17/17 (100.0%) | elapsed=00:00 | eta=00:00
Grid progress: 1/1 (100.0%) | elapsed=00:00 | eta=00:00
Asset progress: 206/317 (65.0%) | matusd OK | best EMA=(4,182,139) | elapsed=01:03 | eta=00:34
Grid progress: 10/17 (58.8%) | elapsed=00:00 | eta=00:00
Grid progress: 17/17 (100.0%) | elapsed=00:00 | eta=00:00
Grid progress: 1/1 (100.0%) | elapsed=00:00 | eta=00:00
Asset progress: 207/317 (65.3%) | matususd OK | best EMA=(22,95,103) | elapsed=01:04 | eta=00:34
Grid progress: 10/17 (58.8%) | elapsed=00:00 | eta=00:00
Grid progress: 17/17 (100.0%) | elapsed=00:00 | eta=00:00
Grid progress: 1/1 (100.0%) | elapsed=00:00 | eta=00:00
Asset progress: 208/317 (65.6%) | maususd OK | best EMA=(4,158,124) | elapsed=01:04 | eta=00:33
Grid progress: 10/17 (58.8%) | elapsed=00:00 | eta=00:00
Grid progress: 17/17 (100.0%) | elapsed=00:00 | eta=00:00
Grid progress: 1/1 (100.0%) | elapsed=00:00 | eta=00:00
Asset progress: 209/317 (65.9%) | mcdususd OK | best EMA=(10,101,100) | elapsed=01:05 | eta=00:33
Grid progress: 10/17 (58.8%) | elapsed=00:00 | eta=00:00
Grid progress: 17/17 (100.0%) | elapsed=00:00 | eta=00:00
Grid progress: 1/1 (100.0%) | elapsed=00:00 | eta=00:00
Asset progress: 210/317 (66.2%) | mchpususd OK | best EMA=(4,149,145) | elapsed=01:05 | eta=00:33
Grid progress: 10/17 (58.8%) | elapsed=00:00 | eta=00:00
Grid progress: 17/17 (100.0%) | elapsed=00:00 | eta=00:00
Grid progress: 1/1 (100.0%) | elapsed=00:00 | eta=00:00
Asset progress: 211/317 (66.6%) | mckususd OK | best EMA=(4,143,103) | elapsed=01:05 | eta=00:33
Grid progress: 10/17 (58.8%) | elapsed=00:00 | eta=00:00
Grid progress: 17/17 (100.0%) | elapsed=00:00 | eta=00:00
Grid progress: 1/1 (100.0%) | elapsed=00:00 | eta=00:00
Asset progress: 212/317 (66.9%) | mdlzususd OK | best EMA=(10,86,100) | elapsed=01:06 | eta=00:32
Grid progress: 10/17 (58.8%) | elapsed=00:00 | eta=00:00
Grid progress: 17/17 (100.0%) | elapsed=00:00 | eta=00:00
Grid progress: 1/1 (100.0%) | elapsed=00:00 | eta=00:00
Asset progress: 213/317 (67.2%) | mdtususd OK | best EMA=(13,137,178) | elapsed=01:06 | eta=00:32
Grid progress: 10/17 (58.8%) | elapsed=00:00 | eta=00:00
Grid progress: 17/17 (100.0%) | elapsed=00:00 | eta=00:00
Grid progress: 1/1 (100.0%) | elapsed=00:00 | eta=00:00
Asset progress: 214/317 (67.5%) | metususd OK | best EMA=(4,191,169) | elapsed=01:06 | eta=00:32
Grid progress: 10/17 (58.8%) | elapsed=00:00 | eta=00:00
Grid progress: 17/17 (100.0%) | elapsed=00:00 | eta=00:00
Grid progress: 1/1 (100.0%) | elapsed=00:00 | eta=00:00
Asset progress: 215/317 (67.8%) | mgmususd OK | best EMA=(13,113,109) | elapsed=01:07 | eta=00:31
Grid progress: 10/17 (58.8%) | elapsed=00:00 | eta=00:00
Grid progress: 17/17 (100.0%) | elapsed=00:00 | eta=00:00
Grid progress: 1/1 (100.0%) | elapsed=00:00 | eta=00:00
Asset progress: 216/317 (68.1%) | mhgnonok SKIP (No valid grid search results produced.) | elapsed=01:07 | eta=00:31
Grid progress: 10/17 (58.8%) | elapsed=00:00 | eta=00:00
Grid progress: 17/17 (100.0%) | elapsed=00:00 | eta=00:00
Grid progress: 1/1 (100.0%) | elapsed=00:00 | eta=00:00
Asset progress: 217/317 (68.5%) | mhkususd OK | best EMA=(4,197,109) | elapsed=01:07 | eta=00:31
Grid progress: 10/17 (58.8%) | elapsed=00:00 | eta=00:00
Grid progress: 17/17 (100.0%) | elapsed=00:00 | eta=00:00
Grid progress: 1/1 (100.0%) | elapsed=00:00 | eta=00:00
Asset progress: 218/317 (68.8%) | middususd OK | best EMA=(13,122,121) | elapsed=01:08 | eta=00:30
Grid progress: 10/17 (58.8%) | elapsed=00:00 | eta=00:00
Grid progress: 17/17 (100.0%) | elapsed=00:00 | eta=00:00
Grid progress: 1/1 (100.0%) | elapsed=00:00 | eta=00:00
Asset progress: 219/317 (69.1%) | mklususd OK | best EMA=(7,167,160) | elapsed=01:08 | eta=00:30
Grid progress: 10/17 (58.8%) | elapsed=00:00 | eta=00:00
Grid progress: 17/17 (100.0%) | elapsed=00:00 | eta=00:00
Grid progress: 1/1 (100.0%) | elapsed=00:00 | eta=00:00
Asset progress: 220/317 (69.4%) | mkrusd OK | best EMA=(25,113,112) | elapsed=01:08 | eta=00:30
Grid progress: 10/17 (58.8%) | elapsed=00:00 | eta=00:00
Grid progress: 17/17 (100.0%) | elapsed=00:00 | eta=00:00
Grid progress: 1/1 (100.0%) | elapsed=00:00 | eta=00:00
Asset progress: 221/317 (69.7%) | mksgbgbx OK | best EMA=(7,110,100) | elapsed=01:09 | eta=00:30
Grid progress: 10/17 (58.8%) | elapsed=00:00 | eta=00:00
Grid progress: 17/17 (100.0%) | elapsed=00:00 | eta=00:00
Grid progress: 1/1 (100.0%) | elapsed=00:00 | eta=00:00
Asset progress: 222/317 (70.0%) | mksiususd OK | best EMA=(22,164,100) | elapsed=01:09 | eta=00:29
Grid progress: 10/17 (58.8%) | elapsed=00:00 | eta=00:00
Grid progress: 17/17 (100.0%) | elapsed=00:00 | eta=00:00
Grid progress: 1/1 (100.0%) | elapsed=00:00 | eta=00:00
Asset progress: 223/317 (70.3%) | mktxususd OK | best EMA=(10,104,100) | elapsed=01:09 | eta=00:29
Grid progress: 10/17 (58.8%) | elapsed=00:00 | eta=00:00
Grid progress: 17/17 (100.0%) | elapsed=00:00 | eta=00:00
Grid progress: 1/1 (100.0%) | elapsed=00:00 | eta=00:00
Asset progress: 224/317 (70.7%) | mmmususd OK | best EMA=(4,167,154) | elapsed=01:10 | eta=00:29
Grid progress: 10/17 (58.8%) | elapsed=00:00 | eta=00:00
Grid progress: 17/17 (100.0%) | elapsed=00:00 | eta=00:00
Asset progress: 225/317 (71.0%) | mroususd SKIP (No valid grid search results produced.) | elapsed=01:10 | eta=00:28
Grid progress: 10/17 (58.8%) | elapsed=00:00 | eta=00:00
Grid progress: 17/17 (100.0%) | elapsed=00:00 | eta=00:00
Grid progress: 1/1 (100.0%) | elapsed=00:00 | eta=00:00
Asset progress: 226/317 (71.3%) | mususd OK | best EMA=(10,137,100) | elapsed=01:10 | eta=00:28
Grid progress: 10/17 (58.8%) | elapsed=00:00 | eta=00:00
Grid progress: 17/17 (100.0%) | elapsed=00:00 | eta=00:00
Grid progress: 1/1 (100.0%) | elapsed=00:00 | eta=00:00
Asset progress: 227/317 (71.6%) | nes1vfieur OK | best EMA=(13,149,103) | elapsed=01:10 | eta=00:28
Grid progress: 10/17 (58.8%) | elapsed=00:00 | eta=00:00
Grid progress: 17/17 (100.0%) | elapsed=00:00 | eta=00:00
Grid progress: 1/1 (100.0%) | elapsed=00:00 | eta=00:00
Asset progress: 228/317 (71.9%) | nhynonok OK | best EMA=(4,83,100) | elapsed=01:11 | eta=00:27
Grid progress: 10/17 (58.8%) | elapsed=00:00 | eta=00:00
Grid progress: 17/17 (100.0%) | elapsed=00:00 | eta=00:00
Grid progress: 1/1 (100.0%) | elapsed=00:00 | eta=00:00
Asset progress: 229/317 (72.2%) | nre1vfieur OK | best EMA=(13,104,103) | elapsed=01:11 | eta=00:27
Grid progress: 10/17 (58.8%) | elapsed=00:00 | eta=00:00
Grid progress: 17/17 (100.0%) | elapsed=00:00 | eta=00:00
Grid progress: 1/1 (100.0%) | elapsed=00:00 | eta=00:00
Asset progress: 230/317 (72.6%) | nzdcad OK | best EMA=(28,110,100) | elapsed=01:11 | eta=00:27
Grid progress: 10/17 (58.8%) | elapsed=00:00 | eta=00:00
Grid progress: 17/17 (100.0%) | elapsed=00:00 | eta=00:00
Grid progress: 1/1 (100.0%) | elapsed=00:00 | eta=00:00
Asset progress: 231/317 (72.9%) | nzdchf OK | best EMA=(4,140,136) | elapsed=01:12 | eta=00:26
Grid progress: 10/17 (58.8%) | elapsed=00:00 | eta=00:00
Grid progress: 17/17 (100.0%) | elapsed=00:00 | eta=00:00
Grid progress: 1/1 (100.0%) | elapsed=00:00 | eta=00:00
Asset progress: 232/317 (73.2%) | nzymbdkdkk SKIP (No valid grid search results produced.) | elapsed=01:12 | eta=00:26
Grid progress: 10/17 (58.8%) | elapsed=00:00 | eta=00:00
Grid progress: 17/17 (100.0%) | elapsed=00:00 | eta=00:00
Grid progress: 1/1 (100.0%) | elapsed=00:00 | eta=00:00
Asset progress: 233/317 (73.5%) | ote1vfieur OK | best EMA=(4,104,103) | elapsed=01:12 | eta=00:26
Grid progress: 10/17 (58.8%) | elapsed=00:00 | eta=00:00
Grid progress: 17/17 (100.0%) | elapsed=00:00 | eta=00:00
Grid progress: 1/1 (100.0%) | elapsed=00:00 | eta=00:00
Asset progress: 234/317 (73.8%) | out1vfieur OK | best EMA=(13,185,115) | elapsed=01:12 | eta=00:25
Grid progress: 10/17 (58.8%) | elapsed=00:00 | eta=00:00
Grid progress: 17/17 (100.0%) | elapsed=00:00 | eta=00:00
Grid progress: 1/1 (100.0%) | elapsed=00:00 | eta=00:00
Asset progress: 235/317 (74.1%) | pbrususd OK | best EMA=(13,179,100) | elapsed=01:13 | eta=00:25
Grid progress: 10/17 (58.8%) | elapsed=00:00 | eta=00:00
Grid progress: 17/17 (100.0%) | elapsed=00:00 | eta=00:00
Grid progress: 1/1 (100.0%) | elapsed=00:00 | eta=00:00
Asset progress: 236/317 (74.4%) | pclnususd OK | best EMA=(10,101,100) | elapsed=01:13 | eta=00:25
Grid progress: 10/17 (58.8%) | elapsed=00:00 | eta=00:00
Grid progress: 17/17 (100.0%) | elapsed=00:00 | eta=00:00
Grid progress: 1/1 (100.0%) | elapsed=00:00 | eta=00:00
Asset progress: 237/317 (74.8%) | phianleur OK | best EMA=(4,185,160) | elapsed=01:13 | eta=00:24
Grid progress: 10/17 (58.8%) | elapsed=00:00 | eta=00:00
Grid progress: 17/17 (100.0%) | elapsed=00:00 | eta=00:00
Grid progress: 1/1 (100.0%) | elapsed=00:00 | eta=00:00
Asset progress: 238/317 (75.1%) | plnidxpln OK | best EMA=(28,194,172) | elapsed=01:14 | eta=00:24
Grid progress: 10/17 (58.8%) | elapsed=00:00 | eta=00:00
Grid progress: 17/17 (100.0%) | elapsed=00:00 | eta=00:00
Grid progress: 1/1 (100.0%) | elapsed=00:00 | eta=00:00
Asset progress: 239/317 (75.4%) | pltrususd SKIP (No valid grid search results produced.) | elapsed=01:14 | eta=00:24
Grid progress: 10/17 (58.8%) | elapsed=00:00 | eta=00:00
Grid progress: 17/17 (100.0%) | elapsed=00:00 | eta=00:00
Grid progress: 1/1 (100.0%) | elapsed=00:00 | eta=00:00
Asset progress: 240/317 (75.7%) | pmususd OK | best EMA=(10,107,103) | elapsed=01:14 | eta=00:23
Grid progress: 10/17 (58.8%) | elapsed=00:00 | eta=00:00
Grid progress: 17/17 (100.0%) | elapsed=00:00 | eta=00:00
Grid progress: 1/1 (100.0%) | elapsed=00:00 | eta=00:00
Asset progress: 241/317 (76.0%) | pncususd OK | best EMA=(4,155,172) | elapsed=01:14 | eta=00:23
Grid progress: 10/17 (58.8%) | elapsed=00:00 | eta=00:00
Grid progress: 17/17 (100.0%) | elapsed=00:00 | eta=00:00
Grid progress: 1/1 (100.0%) | elapsed=00:00 | eta=00:00
Asset progress: 242/317 (76.3%) | ppgususd SKIP (No valid grid search results produced.) | elapsed=01:15 | eta=00:23
Grid progress: 10/17 (58.8%) | elapsed=00:00 | eta=00:00
Grid progress: 17/17 (100.0%) | elapsed=00:00 | eta=00:00
Grid progress: 1/1 (100.0%) | elapsed=00:00 | eta=00:00
Asset progress: 243/317 (76.7%) | psaususd SKIP (No valid grid search results produced.) | elapsed=01:15 | eta=00:22
Grid progress: 10/17 (58.8%) | elapsed=00:00 | eta=00:00
Grid progress: 17/17 (100.0%) | elapsed=00:00 | eta=00:00
Grid progress: 1/1 (100.0%) | elapsed=00:00 | eta=00:00
Asset progress: 244/317 (77.0%) | rbiateur OK | best EMA=(10,140,157) | elapsed=01:15 | eta=00:22
Grid progress: 10/17 (58.8%) | elapsed=00:00 | eta=00:00
Grid progress: 17/17 (100.0%) | elapsed=00:00 | eta=00:00
Grid progress: 1/1 (100.0%) | elapsed=00:00 | eta=00:00
Asset progress: 245/317 (77.3%) | rbsgbgbx OK | best EMA=(7,173,115) | elapsed=01:15 | eta=00:22
Grid progress: 10/17 (58.8%) | elapsed=00:00 | eta=00:00
Grid progress: 17/17 (100.0%) | elapsed=00:00 | eta=00:00
Grid progress: 1/1 (100.0%) | elapsed=00:00 | eta=00:00
Asset progress: 246/317 (77.6%) | rdsanleur SKIP (No valid grid search results produced.) | elapsed=01:16 | eta=00:22
Grid progress: 10/17 (58.8%) | elapsed=00:00 | eta=00:00
Grid progress: 17/17 (100.0%) | elapsed=00:00 | eta=00:00
Grid progress: 1/1 (100.0%) | elapsed=00:00 | eta=00:00
Asset progress: 247/317 (77.9%) | rgaususd OK | best EMA=(4,86,181) | elapsed=01:16 | eta=00:21
Grid progress: 10/17 (58.8%) | elapsed=00:00 | eta=00:00
Grid progress: 17/17 (100.0%) | elapsed=00:00 | eta=00:00
Grid progress: 1/1 (100.0%) | elapsed=00:00 | eta=00:00
Asset progress: 248/317 (78.2%) | rostususd OK | best EMA=(10,176,103) | elapsed=01:16 | eta=00:21
Grid progress: 10/17 (58.8%) | elapsed=00:00 | eta=00:00
Grid progress: 17/17 (100.0%) | elapsed=00:00 | eta=00:00
Grid progress: 1/1 (100.0%) | elapsed=00:00 | eta=00:00
Asset progress: 249/317 (78.5%) | rrcususd OK | best EMA=(10,89,100) | elapsed=01:17 | eta=00:21
Grid progress: 10/17 (58.8%) | elapsed=00:00 | eta=00:00
Grid progress: 17/17 (100.0%) | elapsed=00:00 | eta=00:00
Grid progress: 1/1 (100.0%) | elapsed=00:00 | eta=00:00
Asset progress: 250/317 (78.9%) | rtxususd OK | best EMA=(31,170,166) | elapsed=01:17 | eta=00:20
Grid progress: 10/17 (58.8%) | elapsed=00:00 | eta=00:00
Grid progress: 17/17 (100.0%) | elapsed=00:00 | eta=00:00
Grid progress: 1/1 (100.0%) | elapsed=00:00 | eta=00:00
Asset progress: 251/317 (79.2%) | sbuxususd OK | best EMA=(4,167,157) | elapsed=01:17 | eta=00:20
Grid progress: 10/17 (58.8%) | elapsed=00:00 | eta=00:00
Grid progress: 17/17 (100.0%) | elapsed=00:00 | eta=00:00
Grid progress: 1/1 (100.0%) | elapsed=00:00 | eta=00:00
Asset progress: 252/317 (79.5%) | schwususd OK | best EMA=(37,119,106) | elapsed=01:18 | eta=00:20
Grid progress: 10/17 (58.8%) | elapsed=00:00 | eta=00:00
Grid progress: 17/17 (100.0%) | elapsed=00:00 | eta=00:00
Grid progress: 1/1 (100.0%) | elapsed=00:00 | eta=00:00
Asset progress: 253/317 (79.8%) | sgdidxsgd OK | best EMA=(37,191,118) | elapsed=01:18 | eta=00:19
Grid progress: 10/17 (58.8%) | elapsed=00:00 | eta=00:00
Grid progress: 17/17 (100.0%) | elapsed=00:00 | eta=00:00
Grid progress: 1/1 (100.0%) | elapsed=00:00 | eta=00:00
Asset progress: 254/317 (80.1%) | sgdjpy OK | best EMA=(13,80,103) | elapsed=01:19 | eta=00:19
Grid progress: 10/17 (58.8%) | elapsed=00:00 | eta=00:00
Grid progress: 17/17 (100.0%) | elapsed=00:00 | eta=00:00
Grid progress: 1/1 (100.0%) | elapsed=00:00 | eta=00:00
Asset progress: 255/317 (80.4%) | sgegbgbx OK | best EMA=(13,128,109) | elapsed=01:19 | eta=00:19
Grid progress: 10/17 (58.8%) | elapsed=00:00 | eta=00:00
Grid progress: 17/17 (100.0%) | elapsed=00:00 | eta=00:00
Grid progress: 1/1 (100.0%) | elapsed=00:00 | eta=00:00
Asset progress: 256/317 (80.8%) | sjmususd OK | best EMA=(13,125,115) | elapsed=01:19 | eta=00:19
Grid progress: 10/17 (58.8%) | elapsed=00:00 | eta=00:00
Grid progress: 17/17 (100.0%) | elapsed=00:00 | eta=00:00
Grid progress: 1/1 (100.0%) | elapsed=00:00 | eta=00:00
Asset progress: 257/317 (81.1%) | slagbgbx SKIP (No valid grid search results produced.) | elapsed=01:20 | eta=00:18
Grid progress: 10/17 (58.8%) | elapsed=00:00 | eta=00:00
Grid progress: 17/17 (100.0%) | elapsed=00:00 | eta=00:00
Grid progress: 1/1 (100.0%) | elapsed=00:00 | eta=00:00
Asset progress: 258/317 (81.4%) | smingbgbx OK | best EMA=(25,137,118) | elapsed=01:20 | eta=00:18
Grid progress: 10/17 (58.8%) | elapsed=00:00 | eta=00:00
Grid progress: 17/17 (100.0%) | elapsed=00:00 | eta=00:00
Asset progress: 259/317 (81.7%) | snapususd SKIP (No valid grid search results produced.) | elapsed=01:20 | eta=00:18
Grid progress: 10/17 (58.8%) | elapsed=00:00 | eta=00:00
Grid progress: 17/17 (100.0%) | elapsed=00:00 | eta=00:00
Grid progress: 1/1 (100.0%) | elapsed=00:00 | eta=00:00
Asset progress: 260/317 (82.0%) | sngbgbx OK | best EMA=(4,104,100) | elapsed=01:21 | eta=00:17
Grid progress: 10/17 (58.8%) | elapsed=00:00 | eta=00:00
Grid progress: 17/17 (100.0%) | elapsed=00:00 | eta=00:00
Grid progress: 1/1 (100.0%) | elapsed=00:00 | eta=00:00
Asset progress: 261/317 (82.3%) | solbbeeur OK | best EMA=(10,182,145) | elapsed=01:21 | eta=00:17
Grid progress: 10/17 (58.8%) | elapsed=00:00 | eta=00:00
Grid progress: 17/17 (100.0%) | elapsed=00:00 | eta=00:00
Grid progress: 1/1 (100.0%) | elapsed=00:00 | eta=00:00
Asset progress: 262/317 (82.6%) | ssegbgbx SKIP (No valid grid search results produced.) | elapsed=01:21 | eta=00:17
Grid progress: 10/17 (58.8%) | elapsed=00:00 | eta=00:00
Grid progress: 17/17 (100.0%) | elapsed=00:00 | eta=00:00
Grid progress: 1/1 (100.0%) | elapsed=00:00 | eta=00:00
Asset progress: 263/317 (83.0%) | stangbgbx OK | best EMA=(10,125,118) | elapsed=01:22 | eta=00:16
Grid progress: 10/17 (58.8%) | elapsed=00:00 | eta=00:00
Grid progress: 17/17 (100.0%) | elapsed=00:00 | eta=00:00
Grid progress: 1/1 (100.0%) | elapsed=00:00 | eta=00:00
Asset progress: 264/317 (83.3%) | stervfieur OK | best EMA=(7,167,163) | elapsed=01:22 | eta=00:16
Grid progress: 10/17 (58.8%) | elapsed=00:00 | eta=00:00
Grid progress: 17/17 (100.0%) | elapsed=00:00 | eta=00:00
Grid progress: 1/1 (100.0%) | elapsed=00:00 | eta=00:00
Asset progress: 265/317 (83.6%) | stjgbgbx OK | best EMA=(16,155,100) | elapsed=01:23 | eta=00:16
Grid progress: 10/17 (58.8%) | elapsed=00:00 | eta=00:00
Grid progress: 17/17 (100.0%) | elapsed=00:00 | eta=00:00
Grid progress: 1/1 (100.0%) | elapsed=00:00 | eta=00:00
Asset progress: 266/317 (83.9%) | sttususd OK | best EMA=(4,92,196) | elapsed=01:23 | eta=00:15
Grid progress: 10/17 (58.8%) | elapsed=00:00 | eta=00:00
Grid progress: 17/17 (100.0%) | elapsed=00:00 | eta=00:00
Grid progress: 1/1 (100.0%) | elapsed=00:00 | eta=00:00
Asset progress: 267/317 (84.2%) | svtgbgbx OK | best EMA=(4,188,154) | elapsed=01:23 | eta=00:15
Grid progress: 10/17 (58.8%) | elapsed=00:00 | eta=00:00
Grid progress: 17/17 (100.0%) | elapsed=00:00 | eta=00:00
Grid progress: 1/1 (100.0%) | elapsed=00:00 | eta=00:00
Asset progress: 268/317 (84.5%) | swedasesek OK | best EMA=(13,155,133) | elapsed=01:24 | eta=00:15
Grid progress: 10/17 (58.8%) | elapsed=00:00 | eta=00:00
Grid progress: 17/17 (100.0%) | elapsed=00:00 | eta=00:00
Grid progress: 1/1 (100.0%) | elapsed=00:00 | eta=00:00
Asset progress: 269/317 (84.9%) | tategbgbx OK | best EMA=(4,179,109) | elapsed=01:24 | eta=00:15
Grid progress: 10/17 (58.8%) | elapsed=00:00 | eta=00:00
Grid progress: 17/17 (100.0%) | elapsed=00:00 | eta=00:00
Grid progress: 1/1 (100.0%) | elapsed=00:00 | eta=00:00
Asset progress: 270/317 (85.2%) | tdyususd OK | best EMA=(25,182,181) | elapsed=01:25 | eta=00:14
Grid progress: 10/17 (58.8%) | elapsed=00:00 | eta=00:00
Grid progress: 17/17 (100.0%) | elapsed=00:00 | eta=00:00
Grid progress: 1/1 (100.0%) | elapsed=00:00 | eta=00:00
Asset progress: 271/317 (85.5%) | teamususd OK | best EMA=(37,188,187) | elapsed=01:25 | eta=00:14
Grid progress: 10/17 (58.8%) | elapsed=00:00 | eta=00:00
Grid progress: 17/17 (100.0%) | elapsed=00:00 | eta=00:00
Grid progress: 1/1 (100.0%) | elapsed=00:00 | eta=00:00
Asset progress: 272/317 (85.8%) | techususd SKIP (No valid grid search results produced.) | elapsed=01:25 | eta=00:14
Grid progress: 10/17 (58.8%) | elapsed=00:00 | eta=00:00
Grid progress: 17/17 (100.0%) | elapsed=00:00 | eta=00:00
Grid progress: 1/1 (100.0%) | elapsed=00:00 | eta=00:00
Asset progress: 273/317 (86.1%) | tevaususd OK | best EMA=(19,185,154) | elapsed=01:25 | eta=00:13
Grid progress: 10/17 (58.8%) | elapsed=00:00 | eta=00:00
Grid progress: 17/17 (100.0%) | elapsed=00:00 | eta=00:00
Grid progress: 1/1 (100.0%) | elapsed=00:00 | eta=00:00
Asset progress: 274/317 (86.4%) | tfcususd SKIP (No valid grid search results produced.) | elapsed=01:26 | eta=00:13
Grid progress: 10/17 (58.8%) | elapsed=00:00 | eta=00:00
Grid progress: 17/17 (100.0%) | elapsed=00:00 | eta=00:00
Grid progress: 1/1 (100.0%) | elapsed=00:00 | eta=00:00
Asset progress: 275/317 (86.8%) | tfxususd SKIP (No valid grid search results produced.) | elapsed=01:26 | eta=00:13
Grid progress: 10/17 (58.8%) | elapsed=00:00 | eta=00:00
Grid progress: 17/17 (100.0%) | elapsed=00:00 | eta=00:00
Grid progress: 1/1 (100.0%) | elapsed=00:00 | eta=00:00
Asset progress: 276/317 (87.1%) | tjxususd OK | best EMA=(4,149,130) | elapsed=01:26 | eta=00:12
Grid progress: 10/17 (58.8%) | elapsed=00:00 | eta=00:00
Grid progress: 17/17 (100.0%) | elapsed=00:00 | eta=00:00
Grid progress: 1/1 (100.0%) | elapsed=00:00 | eta=00:00
Asset progress: 277/317 (87.4%) | tlsnsesek OK | best EMA=(31,113,106) | elapsed=01:27 | eta=00:12
Grid progress: 10/17 (58.8%) | elapsed=00:00 | eta=00:00
Grid progress: 17/17 (100.0%) | elapsed=00:00 | eta=00:00
Grid progress: 1/1 (100.0%) | elapsed=00:00 | eta=00:00
Asset progress: 278/317 (87.7%) | tlwgbgbx OK | best EMA=(4,125,121) | elapsed=01:27 | eta=00:12
Grid progress: 10/17 (58.8%) | elapsed=00:00 | eta=00:00
Grid progress: 17/17 (100.0%) | elapsed=00:00 | eta=00:00
Grid progress: 1/1 (100.0%) | elapsed=00:00 | eta=00:00
Asset progress: 279/317 (88.0%) | tpkgbgbx OK | best EMA=(7,101,100) | elapsed=01:27 | eta=00:11
Grid progress: 10/17 (58.8%) | elapsed=00:00 | eta=00:00
Grid progress: 17/17 (100.0%) | elapsed=00:00 | eta=00:00
Grid progress: 1/1 (100.0%) | elapsed=00:00 | eta=00:00
Asset progress: 280/317 (88.3%) | tprususd OK | best EMA=(16,116,166) | elapsed=01:28 | eta=00:11
Grid progress: 10/17 (58.8%) | elapsed=00:00 | eta=00:00
Grid progress: 17/17 (100.0%) | elapsed=00:00 | eta=00:00
Grid progress: 1/1 (100.0%) | elapsed=00:00 | eta=00:00
Asset progress: 281/317 (88.6%) | trvususd OK | best EMA=(7,146,151) | elapsed=01:28 | eta=00:11
Grid progress: 10/17 (58.8%) | elapsed=00:00 | eta=00:00
Grid progress: 17/17 (100.0%) | elapsed=00:00 | eta=00:00
Grid progress: 1/1 (100.0%) | elapsed=00:00 | eta=00:00
Asset progress: 282/317 (89.0%) | tscogbgbx OK | best EMA=(28,116,112) | elapsed=01:29 | eta=00:11
Grid progress: 10/17 (58.8%) | elapsed=00:00 | eta=00:00
Grid progress: 17/17 (100.0%) | elapsed=00:00 | eta=00:00
Grid progress: 1/1 (100.0%) | elapsed=00:00 | eta=00:00
Asset progress: 283/317 (89.3%) | tususd OK | best EMA=(4,86,100) | elapsed=01:29 | eta=00:10
Grid progress: 10/17 (58.8%) | elapsed=00:00 | eta=00:00
Grid progress: 17/17 (100.0%) | elapsed=00:00 | eta=00:00
Grid progress: 1/1 (100.0%) | elapsed=00:00 | eta=00:00
Asset progress: 284/317 (89.6%) | twgbgbx OK | best EMA=(28,155,100) | elapsed=01:29 | eta=00:10
Grid progress: 10/17 (58.8%) | elapsed=00:00 | eta=00:00
Grid progress: 17/17 (100.0%) | elapsed=00:00 | eta=00:00
Grid progress: 1/1 (100.0%) | elapsed=00:00 | eta=00:00
Asset progress: 285/317 (89.9%) | ucbbeeur OK | best EMA=(22,113,103) | elapsed=01:30 | eta=00:10
Grid progress: 10/17 (58.8%) | elapsed=00:00 | eta=00:00
Grid progress: 17/17 (100.0%) | elapsed=00:00 | eta=00:00
Grid progress: 1/1 (100.0%) | elapsed=00:00 | eta=00:00
Asset progress: 286/317 (90.2%) | ukgilttrgbp OK | best EMA=(4,83,154) | elapsed=01:30 | eta=00:09
Grid progress: 10/17 (58.8%) | elapsed=00:00 | eta=00:00
Grid progress: 17/17 (100.0%) | elapsed=00:00 | eta=00:00
Grid progress: 1/1 (100.0%) | elapsed=00:00 | eta=00:00
Asset progress: 287/317 (90.5%) | ulvrgbgbx OK | best EMA=(10,194,133) | elapsed=01:30 | eta=00:09
Grid progress: 10/17 (58.8%) | elapsed=00:00 | eta=00:00
Grid progress: 17/17 (100.0%) | elapsed=00:00 | eta=00:00
Grid progress: 1/1 (100.0%) | elapsed=00:00 | eta=00:00
Asset progress: 288/317 (90.9%) | umibeeur OK | best EMA=(10,194,130) | elapsed=01:31 | eta=00:09
Grid progress: 10/17 (58.8%) | elapsed=00:00 | eta=00:00
Grid progress: 17/17 (100.0%) | elapsed=00:00 | eta=00:00
Grid progress: 1/1 (100.0%) | elapsed=00:00 | eta=00:00
Asset progress: 289/317 (91.2%) | usa30idxusd OK | best EMA=(4,197,172) | elapsed=01:31 | eta=00:08
Grid progress: 10/17 (58.8%) | elapsed=00:00 | eta=00:00
Grid progress: 17/17 (100.0%) | elapsed=00:00 | eta=00:00
Grid progress: 1/1 (100.0%) | elapsed=00:00 | eta=00:00
Asset progress: 290/317 (91.5%) | usatechidxusd SKIP (No valid grid search results produced.) | elapsed=01:31 | eta=00:08
Grid progress: 10/17 (58.8%) | elapsed=00:00 | eta=00:00
Grid progress: 17/17 (100.0%) | elapsed=00:00 | eta=00:00
Grid progress: 1/1 (100.0%) | elapsed=00:00 | eta=00:00
Asset progress: 291/317 (91.8%) | usdcnh OK | best EMA=(4,194,109) | elapsed=01:32 | eta=00:08
Grid progress: 10/17 (58.8%) | elapsed=00:00 | eta=00:00
Grid progress: 17/17 (100.0%) | elapsed=00:00 | eta=00:00
Grid progress: 1/1 (100.0%) | elapsed=00:00 | eta=00:00
Asset progress: 292/317 (92.1%) | usdczk OK | best EMA=(4,107,100) | elapsed=01:32 | eta=00:07
Grid progress: 10/17 (58.8%) | elapsed=00:00 | eta=00:00
Grid progress: 17/17 (100.0%) | elapsed=00:00 | eta=00:00
Grid progress: 1/1 (100.0%) | elapsed=00:00 | eta=00:00
Asset progress: 293/317 (92.4%) | usddkk OK | best EMA=(7,179,133) | elapsed=01:32 | eta=00:07
Grid progress: 10/17 (58.8%) | elapsed=00:00 | eta=00:00
Grid progress: 17/17 (100.0%) | elapsed=00:00 | eta=00:00
Grid progress: 1/1 (100.0%) | elapsed=00:00 | eta=00:00
Asset progress: 294/317 (92.7%) | usdhuf OK | best EMA=(4,173,100) | elapsed=01:32 | eta=00:07
Grid progress: 10/17 (58.8%) | elapsed=00:00 | eta=00:00
Grid progress: 17/17 (100.0%) | elapsed=00:00 | eta=00:00
Grid progress: 1/1 (100.0%) | elapsed=00:00 | eta=00:00
Asset progress: 295/317 (93.1%) | usdils OK | best EMA=(7,194,115) | elapsed=01:33 | eta=00:06
Grid progress: 10/17 (58.8%) | elapsed=00:00 | eta=00:00
Grid progress: 17/17 (100.0%) | elapsed=00:00 | eta=00:00
Grid progress: 1/1 (100.0%) | elapsed=00:00 | eta=00:00
Asset progress: 296/317 (93.4%) | usdmxn SKIP (No valid grid search results produced.) | elapsed=01:33 | eta=00:06
Grid progress: 10/17 (58.8%) | elapsed=00:00 | eta=00:00
Grid progress: 17/17 (100.0%) | elapsed=00:00 | eta=00:00
Grid progress: 1/1 (100.0%) | elapsed=00:00 | eta=00:00
Asset progress: 297/317 (93.7%) | usdnok OK | best EMA=(25,194,193) | elapsed=01:34 | eta=00:06
Grid progress: 10/17 (58.8%) | elapsed=00:00 | eta=00:00
Grid progress: 17/17 (100.0%) | elapsed=00:00 | eta=00:00
Grid progress: 1/1 (100.0%) | elapsed=00:00 | eta=00:00
Asset progress: 298/317 (94.0%) | usdpln OK | best EMA=(4,80,133) | elapsed=01:34 | eta=00:06
Grid progress: 10/17 (58.8%) | elapsed=00:00 | eta=00:00
Grid progress: 17/17 (100.0%) | elapsed=00:00 | eta=00:00
Grid progress: 1/1 (100.0%) | elapsed=00:00 | eta=00:00
Asset progress: 299/317 (94.3%) | usdron OK | best EMA=(22,80,148) | elapsed=01:34 | eta=00:05
Grid progress: 10/17 (58.8%) | elapsed=00:00 | eta=00:00
Grid progress: 17/17 (100.0%) | elapsed=00:00 | eta=00:00
Grid progress: 1/1 (100.0%) | elapsed=00:00 | eta=00:00
Asset progress: 300/317 (94.6%) | usdsek OK | best EMA=(7,110,106) | elapsed=01:35 | eta=00:05
Grid progress: 10/17 (58.8%) | elapsed=00:00 | eta=00:00
Grid progress: 17/17 (100.0%) | elapsed=00:00 | eta=00:00
Grid progress: 1/1 (100.0%) | elapsed=00:00 | eta=00:00
Asset progress: 301/317 (95.0%) | usdtry OK | best EMA=(7,158,169) | elapsed=01:35 | eta=00:05
Grid progress: 10/17 (58.8%) | elapsed=00:00 | eta=00:00
Grid progress: 17/17 (100.0%) | elapsed=00:00 | eta=00:00
Grid progress: 1/1 (100.0%) | elapsed=00:00 | eta=00:00
Asset progress: 302/317 (95.3%) | usdzar OK | best EMA=(4,116,115) | elapsed=01:35 | eta=00:04
Grid progress: 10/17 (58.8%) | elapsed=00:00 | eta=00:00
Grid progress: 17/17 (100.0%) | elapsed=00:00 | eta=00:00
Grid progress: 1/1 (100.0%) | elapsed=00:00 | eta=00:00
Asset progress: 303/317 (95.6%) | ustbondtrusd OK | best EMA=(4,80,109) | elapsed=01:36 | eta=00:04
Grid progress: 10/17 (58.8%) | elapsed=00:00 | eta=00:00
Grid progress: 17/17 (100.0%) | elapsed=00:00 | eta=00:00
Grid progress: 1/1 (100.0%) | elapsed=00:00 | eta=00:00
Asset progress: 304/317 (95.9%) | vkfreur OK | best EMA=(7,197,181) | elapsed=01:36 | eta=00:04
Grid progress: 10/17 (58.8%) | elapsed=00:00 | eta=00:00
Grid progress: 17/17 (100.0%) | elapsed=00:00 | eta=00:00
Grid progress: 1/1 (100.0%) | elapsed=00:00 | eta=00:00
Asset progress: 305/317 (96.2%) | vnadeeur OK | best EMA=(13,146,148) | elapsed=01:36 | eta=00:03
Grid progress: 10/17 (58.8%) | elapsed=00:00 | eta=00:00
Grid progress: 17/17 (100.0%) | elapsed=00:00 | eta=00:00
Grid progress: 1/1 (100.0%) | elapsed=00:00 | eta=00:00
Asset progress: 306/317 (96.5%) | vodgbgbx OK | best EMA=(19,149,136) | elapsed=01:37 | eta=00:03
Grid progress: 10/17 (58.8%) | elapsed=00:00 | eta=00:00
Grid progress: 17/17 (100.0%) | elapsed=00:00 | eta=00:00
Asset progress: 307/317 (96.8%) | voeateur SKIP (No valid grid search results produced.) | elapsed=01:37 | eta=00:03
Grid progress: 10/17 (58.8%) | elapsed=00:00 | eta=00:00
Grid progress: 17/17 (100.0%) | elapsed=00:00 | eta=00:00
Grid progress: 1/1 (100.0%) | elapsed=00:00 | eta=00:00
Asset progress: 308/317 (97.2%) | vow3deeur OK | best EMA=(10,191,181) | elapsed=01:37 | eta=00:02
Grid progress: 10/17 (58.8%) | elapsed=00:00 | eta=00:00
Grid progress: 17/17 (100.0%) | elapsed=00:00 | eta=00:00
Grid progress: 1/1 (100.0%) | elapsed=00:00 | eta=00:00
Asset progress: 309/317 (97.5%) | weirgbgbx OK | best EMA=(4,197,100) | elapsed=01:37 | eta=00:02
Grid progress: 10/17 (58.8%) | elapsed=00:00 | eta=00:00
Grid progress: 17/17 (100.0%) | elapsed=00:00 | eta=00:00
Grid progress: 1/1 (100.0%) | elapsed=00:00 | eta=00:00
Asset progress: 310/317 (97.8%) | whrususd OK | best EMA=(10,134,109) | elapsed=01:38 | eta=00:02
Grid progress: 10/17 (58.8%) | elapsed=00:00 | eta=00:00
Grid progress: 17/17 (100.0%) | elapsed=00:00 | eta=00:00
Grid progress: 1/1 (100.0%) | elapsed=00:00 | eta=00:00
Asset progress: 311/317 (98.1%) | wklnleur OK | best EMA=(4,98,121) | elapsed=01:38 | eta=00:01
Grid progress: 10/17 (58.8%) | elapsed=00:00 | eta=00:00
Grid progress: 17/17 (100.0%) | elapsed=00:00 | eta=00:00
Grid progress: 1/1 (100.0%) | elapsed=00:00 | eta=00:00
Asset progress: 312/317 (98.4%) | wosgbgbx SKIP (No valid grid search results produced.) | elapsed=01:38 | eta=00:01
Grid progress: 10/17 (58.8%) | elapsed=00:00 | eta=00:00
Grid progress: 17/17 (100.0%) | elapsed=00:00 | eta=00:00
Grid progress: 1/1 (100.0%) | elapsed=00:00 | eta=00:00
Asset progress: 313/317 (98.7%) | wppgbgbx OK | best EMA=(28,197,178) | elapsed=01:39 | eta=00:01
Grid progress: 10/17 (58.8%) | elapsed=00:00 | eta=00:00
Grid progress: 17/17 (100.0%) | elapsed=00:00 | eta=00:00
Grid progress: 1/1 (100.0%) | elapsed=00:00 | eta=00:00
Asset progress: 314/317 (99.1%) | wtbgbgbx OK | best EMA=(28,131,103) | elapsed=01:39 | eta=00:00
Grid progress: 10/17 (58.8%) | elapsed=00:00 | eta=00:00
Grid progress: 17/17 (100.0%) | elapsed=00:00 | eta=00:00
Grid progress: 1/1 (100.0%) | elapsed=00:00 | eta=00:00
Asset progress: 315/317 (99.4%) | xomususd OK | best EMA=(10,107,103) | elapsed=01:39 | eta=00:00
Grid progress: 10/17 (58.8%) | elapsed=00:00 | eta=00:00
Grid progress: 17/17 (100.0%) | elapsed=00:00 | eta=00:00
Grid progress: 1/1 (100.0%) | elapsed=00:00 | eta=00:00
Asset progress: 316/317 (99.7%) | yfiusd OK | best EMA=(13,80,112) | elapsed=01:40 | eta=00:00
Grid progress: 10/17 (58.8%) | elapsed=00:00 | eta=00:00
Grid progress: 17/17 (100.0%) | elapsed=00:00 | eta=00:00
/home/davidv/Dokumente/Offen/TEMA-Live-v2/Template/TEMA-TEMPLATE(NEW_).py:1917: Pandas4Warning: Sorting by default when concatenating all DatetimeIndex is deprecated.  In the future, pandas will respect the default of `sort=False`. Specify `sort=True` or `sort=False` to silence this message. If you see this warnings when not directly calling concat, report a bug to pandas.
  train_returns_df = pd.concat(train_ret_list, axis=1).sort_index().fillna(0.0)
/home/davidv/Dokumente/Offen/TEMA-Live-v2/Template/TEMA-TEMPLATE(NEW_).py:1918: Pandas4Warning: Sorting by default when concatenating all DatetimeIndex is deprecated.  In the future, pandas will respect the default of `sort=False`. Specify `sort=True` or `sort=False` to silence this message. If you see this warnings when not directly calling concat, report a bug to pandas.
  test_returns_df = pd.concat(test_ret_list, axis=1).sort_index().fillna(0.0)
/home/davidv/Dokumente/Offen/TEMA-Live-v2/Template/TEMA-TEMPLATE(NEW_).py:1919: Pandas4Warning: Sorting by default when concatenating all DatetimeIndex is deprecated.  In the future, pandas will respect the default of `sort=False`. Specify `sort=True` or `sort=False` to silence this message. If you see this warnings when not directly calling concat, report a bug to pandas.
  train_bh_returns_df = pd.concat(train_bh_ret_list, axis=1).sort_index().fillna(0.0)
/home/davidv/Dokumente/Offen/TEMA-Live-v2/Template/TEMA-TEMPLATE(NEW_).py:1920: Pandas4Warning: Sorting by default when concatenating all DatetimeIndex is deprecated.  In the future, pandas will respect the default of `sort=False`. Specify `sort=True` or `sort=False` to silence this message. If you see this warnings when not directly calling concat, report a bug to pandas.
  test_bh_returns_df = pd.concat(test_bh_ret_list, axis=1).sort_index().fillna(0.0)
Grid progress: 1/1 (100.0%) | elapsed=00:00 | eta=00:00
Asset progress: 317/317 (100.0%) | zbhususd OK | best EMA=(22,125,124) | elapsed=01:40 | eta=00:00
ML grid search: evaluating 162 combinations
Selected ML params from grid: rf_n_estimators=200, rf_max_depth=4, rf_min_samples_leaf=40, ml_target_exposure=0.1, hmm_n_states=4
======================================================================
MULTI-ASSET PIPELINE DONE (NO PLOTS)
======================================================================
Valid assets: 256
Top 10 BL weights:
  usdcnh                  7.08%
  usdtry                  5.53%
  gbpaud                  3.92%
  gbpcad                  3.70%
  chfaed                  3.51%
  tjxususd                2.78%
  manhususd               2.62%
  acfreur                 2.43%
  knxususd                1.92%
  lgengbgbx               1.88%
Train metrics:
{'total_return': 8.842733374311834, 'annualized_return': 0.25647596227035785, 'annualized_volatility': 0.1, 'sharpe_ratio': 2.5647596227035785, 'max_drawdown': -0.08110342737464563}
Test metrics:
{'total_return': 1.194630030036624, 'annualized_return': 0.10259921389518079, 'annualized_volatility': 0.10066261997607359, 'sharpe_ratio': 1.0192384613033865, 'max_drawdown': -0.1375404000475605}
Train metrics (ML filtered):
{'total_return': 5.166099792013123, 'annualized_return': 0.1991564703417521, 'annualized_volatility': 0.07995458988536325, 'sharpe_ratio': 2.4908697627903202, 'max_drawdown': -0.09210233058071783}
Test metrics (ML filtered):
{'total_return': 1.1724788933900108, 'annualized_return': 0.10121018180391284, 'annualized_volatility': 0.08404182466671387, 'sharpe_ratio': 1.2042834886710734, 'max_drawdown': -0.12483998622949954}
ML diagnostics:
{'n_states': 4.0, 'rf_n_estimators': 200.0, 'rf_max_depth': 4.0, 'rf_min_samples_leaf': 40.0, 'ml_prob_threshold': 0.55, 'ml_threshold_used': 0.4584011299828217, 'ml_auto_threshold': 1.0, 'ml_target_exposure': 0.1, 'train_avg_exposure': 0.10000340230673442, 'test_avg_exposure': 0.07989711869330499, 'train_avg_exposure_raw': 0.0999999999994483, 'test_avg_exposure_raw': 0.07989175322039949, 'rebalance_min_threshold': 0.001, 'cost_aware_rebalance': 0.0, 'cost_aware_rebalance_multiplier': 1.0, 'cost_aware_alpha_lookback': 20.0, 'gate_threshold_skips': 430.0, 'gate_cost_skips': 0.0, 'gate_threshold_skip_ratio': 0.09448472863107009, 'gate_cost_skip_ratio': 0.0, 'gate_annualized_turnover_raw': 10.985567691967765, 'gate_annualized_turnover_gated': 10.983662148149001, 'gate_annualized_cost_drag_raw': 0.010985567691967764, 'gate_annualized_cost_drag_gated': 0.010983662148149002, 'gate_mean_order_size_raw': 0.043593522587173666, 'gate_mean_order_size_gated': 0.04358596090535318, 'gate_median_order_size_raw': 0.03094791527321743, 'gate_median_order_size_gated': 0.03093758353210235, 'gate_p90_order_size_raw': 0.10717847315043458, 'gate_p90_order_size_gated': 0.10717847315043458}
Saved:
  /home/davidv/Dokumente/Offen/TEMA-Live-v2/Template/asset_strategy_summary.csv
  /home/davidv/Dokumente/Offen/TEMA-Live-v2/Template/black_litterman_weights.csv
  /home/davidv/Dokumente/Offen/TEMA-Live-v2/Template/portfolio_train_returns.csv
  /home/davidv/Dokumente/Offen/TEMA-Live-v2/Template/portfolio_test_returns.csv
  /home/davidv/Dokumente/Offen/TEMA-Live-v2/Template/portfolio_train_returns_ml.csv
  /home/davidv/Dokumente/Offen/TEMA-Live-v2/Template/portfolio_test_returns_ml.csv
  /home/davidv/Dokumente/Offen/TEMA-Live-v2/Template/ml_hmm_state_params.csv
  /home/davidv/Dokumente/Offen/TEMA-Live-v2/Template/ml_diagnostics.csv
  /home/davidv/Dokumente/Offen/TEMA-Live-v2/Template/ml_parameter_grid_results.csv
  /home/davidv/Dokumente/Offen/TEMA-Live-v2/Template/ml_parameter_grid_top10.csv
  /home/davidv/Dokumente/Offen/TEMA-Live-v2/Template/equity_curve_train_comparison.png
  /home/davidv/Dokumente/Offen/TEMA-Live-v2/Template/equity_curve_test_comparison.png
  /home/davidv/Dokumente/Offen/TEMA-Live-v2/Template/bl_portfolio_metrics.csv
{'manifest_path': 'outputs/repro-template-12114-run2-20260416183310/manifest.json', 'out_dir': 'outputs/repro-template-12114-run2-20260416183310'}
